[ 2017-01-22T08:40:48+08:00 ] 127.0.0.1 /service/index.php/Home/DeviceProblem/Problem.html
INFO: [ app_init ] --START--
INFO: Run Behavior\BuildLiteBehavior [ RunTime:0.000131s ]
INFO: [ app_init ] --END-- [ RunTime:0.001230s ]
INFO: [ app_begin ] --START--
INFO: Run Behavior\ReadHtmlCacheBehavior [ RunTime:0.000781s ]
INFO: [ app_begin ] --END-- [ RunTime:0.001355s ]
SQL: SHOW COLUMNS FROM `mcc_device_problem` [ RunTime:0.0106s ]
SQL: 
        SELECT V.*,mcc_customer.fullname as owner_name FROM 
        (SELECT
        mcc_device_problem.*, 
        mcc_device_owner.customer_id as owner_id,
        mcc_device_info.device_des,
        mcc_device_info.device_type_id,
        mcc_device_type.type_name,
        mcc_customer.fullname as service_staff_name,
        mcc_problem_status.status_name
        FROM
        mcc_device_problem
        LEFT JOIN mcc_device_info ON mcc_device_problem.device_sn = mcc_device_info.device_sn
        LEFT JOIN mcc_device_owner ON mcc_device_owner.device_sn = mcc_device_problem.device_sn
        LEFT JOIN mcc_customer ON mcc_device_problem.service_staff_id = mcc_customer.customer_id
        LEFT JOIN mcc_device_type ON mcc_device_type.type_id = mcc_device_info.device_type_id
        LEFT JOIN mcc_problem_status ON mcc_device_problem.`status` = mcc_problem_status.status_id
        ) as V
        LEFT JOIN mcc_customer ON V.owner_id = mcc_customer.customer_id [ RunTime:0.0083s ]
SQL: SHOW COLUMNS FROM `mcc_problem_status` [ RunTime:0.0061s ]
SQL: SELECT * FROM `mcc_problem_status`  [ RunTime:0.0003s ]
SQL: SHOW COLUMNS FROM `mcc_device_type` [ RunTime:0.0358s ]
SQL: SELECT * FROM `mcc_device_type`  [ RunTime:0.0005s ]
INFO: [ view_parse ] --START--
INFO: [ template_filter ] --START--
INFO: Run Behavior\ContentReplaceBehavior [ RunTime:0.000308s ]
INFO: [ template_filter ] --END-- [ RunTime:0.000890s ]
INFO: Run Behavior\ParseTemplateBehavior [ RunTime:0.038217s ]
INFO: [ view_parse ] --END-- [ RunTime:0.038897s ]
INFO: [ view_filter ] --START--
INFO: Run Behavior\WriteHtmlCacheBehavior [ RunTime:0.000741s ]
INFO: [ view_filter ] --END-- [ RunTime:0.001430s ]
INFO: [ app_end ] --START--
INFO: Run Behavior\ShowPageTraceBehavior [ RunTime:0.001197s ]
INFO: [ app_end ] --END-- [ RunTime:0.001976s ]

[ 2017-01-22T08:40:50+08:00 ] 127.0.0.1 /service/index.php/Home/install/index.html
INFO: [ app_init ] --START--
INFO: Run Behavior\BuildLiteBehavior [ RunTime:0.000096s ]
INFO: [ app_init ] --END-- [ RunTime:0.000884s ]
INFO: [ app_begin ] --START--
INFO: Run Behavior\ReadHtmlCacheBehavior [ RunTime:0.000690s ]
INFO: [ app_begin ] --END-- [ RunTime:0.001202s ]
SQL: SHOW COLUMNS FROM `mcc_install_status` [ RunTime:0.0074s ]
SQL: SELECT `status_id`,`status_name` FROM `mcc_install_status` WHERE ( enable=1 )  [ RunTime:0.0003s ]
SQL: SHOW COLUMNS FROM `mcc_device_type` [ RunTime:0.0063s ]
SQL: SELECT `type_id`,`type_name` FROM `mcc_device_type` WHERE ( enable=1 )  [ RunTime:0.0003s ]
SQL: SHOW COLUMNS FROM `mcc_device_install` [ RunTime:0.0043s ]
SQL: SELECT di.install_id, di.device_sn, dt.type_name, c.fullname, cus.fullname AS service_name, ist.status_name, di.install_plan_date FROM mcc_device_install di LEFT JOIN mcc_device_info dif ON (di.device_sn = dif.device_sn) LEFT JOIN mcc_device_type dt ON (dif.device_type_id = dt.type_id) LEFT JOIN mcc_device_owner do ON (di.device_sn = do.device_sn) LEFT JOIN mcc_customer c ON (do.customer_id = c.customer_id) LEFT JOIN mcc_customer cus ON (di.customer_id = cus.customer_id) LEFT JOIN mcc_install_status ist ON (ist.status_id = di.status) [ RunTime:0.0004s ]
INFO: [ view_parse ] --START--
INFO: [ template_filter ] --START--
INFO: Run Behavior\ContentReplaceBehavior [ RunTime:0.000275s ]
INFO: [ template_filter ] --END-- [ RunTime:0.000842s ]
INFO: Run Behavior\ParseTemplateBehavior [ RunTime:0.034862s ]
INFO: [ view_parse ] --END-- [ RunTime:0.035411s ]
INFO: [ view_filter ] --START--
INFO: Run Behavior\WriteHtmlCacheBehavior [ RunTime:0.000632s ]
INFO: [ view_filter ] --END-- [ RunTime:0.001167s ]
INFO: [ app_end ] --START--
INFO: Run Behavior\ShowPageTraceBehavior [ RunTime:0.000813s ]
INFO: [ app_end ] --END-- [ RunTime:0.001363s ]

[ 2017-01-22T08:40:51+08:00 ] 127.0.0.1 /service/index.php/Home/install/InstallDetail.html?installID=IA01198642759&deviceID=ss2017010901
INFO: [ app_init ] --START--
INFO: Run Behavior\BuildLiteBehavior [ RunTime:0.000120s ]
INFO: [ app_init ] --END-- [ RunTime:0.000931s ]
INFO: [ app_begin ] --START--
INFO: Run Behavior\ReadHtmlCacheBehavior [ RunTime:0.001174s ]
INFO: [ app_begin ] --END-- [ RunTime:0.001712s ]
SQL: SHOW COLUMNS FROM `mcc_device_info` [ RunTime:0.0066s ]
SQL: SELECT di.device_sn, di.date_production, di.date_added,dt.type_name, c.fullname, c.address FROM `mcc_device_info` di LEFT JOIN mcc_device_type dt ON (dt.type_id = di.device_type_id) LEFT JOIN mcc_device_owner do ON (di.device_sn = do.device_sn) LEFT JOIN mcc_customer c ON(do.customer_id = c.customer_id ) where di.device_sn= 'ss2017010901' [ RunTime:0.0004s ]
SQL: SHOW COLUMNS FROM `mcc_device_install` [ RunTime:0.0045s ]
SQL: SELECT * FROM `mcc_device_install` WHERE ( install_id = 'IA01198642759'  ) LIMIT 1   [ RunTime:0.0003s ]
SQL: SHOW COLUMNS FROM `mcc_install_status` [ RunTime:0.0044s ]
SQL: SELECT `status_id`,`status_name` FROM `mcc_install_status` WHERE ( enable=1 )  [ RunTime:0.0003s ]
SQL: SHOW COLUMNS FROM `mcc_customer` [ RunTime:0.0066s ]
SQL: SHOW COLUMNS FROM `mcc_customer` [ RunTime:0.0031s ]
SQL: SELECT `customer_id`,`fullname` FROM `mcc_customer` WHERE `status` = 1 AND `approved` = 1 AND `customer_group_id` = 4 ORDER BY fullname asc  [ RunTime:0.0003s ]
SQL: SHOW COLUMNS FROM `mcc_device_install` [ RunTime:0.0026s ]
SQL: SELECT ibir.*, ibi.basic_item_name FROM mcc_install_basic_item_record ibir 
                LEFT JOIN mcc_install_basic_item ibi ON (ibir.basic_item_id = ibi.basic_item_id) WHERE ibir.install_id = 'IA01198642759'  ORDER BY basic_item_id ASC [ RunTime:0.0004s ]
SQL: SELECT item_type_id, item_type_name FROM mcc_install_item_type WHERE enable =1 [ RunTime:0.0002s ]
SQL: SELECT iir.*,ii.item_name FROM mcc_install_item_record iir
                        LEFT JOIN mcc_install_item ii ON (ii.item_id = iir.item_id)
                        LEFT JOIN mcc_install_item_type iit ON (iit.item_type_id = ii.item_type) 
                        WHERE iit.item_type_id=1 AND iir.install_id='IA01198642759' [ RunTime:0.0004s ]
SQL: SELECT iir.*,ii.item_name FROM mcc_install_item_record iir
                        LEFT JOIN mcc_install_item ii ON (ii.item_id = iir.item_id)
                        LEFT JOIN mcc_install_item_type iit ON (iit.item_type_id = ii.item_type) 
                        WHERE iit.item_type_id=2 AND iir.install_id='IA01198642759' [ RunTime:0.0003s ]
INFO: [ view_parse ] --START--
INFO: [ template_filter ] --START--
INFO: Run Behavior\ContentReplaceBehavior [ RunTime:0.000326s ]
INFO: [ template_filter ] --END-- [ RunTime:0.000908s ]
INFO: Run Behavior\ParseTemplateBehavior [ RunTime:0.030299s ]
INFO: [ view_parse ] --END-- [ RunTime:0.030883s ]
INFO: [ view_filter ] --START--
INFO: Run Behavior\WriteHtmlCacheBehavior [ RunTime:0.000649s ]
INFO: [ view_filter ] --END-- [ RunTime:0.001249s ]
INFO: [ app_end ] --START--
INFO: Run Behavior\ShowPageTraceBehavior [ RunTime:0.000864s ]
INFO: [ app_end ] --END-- [ RunTime:0.001498s ]

[ 2017-01-22T08:42:12+08:00 ] 127.0.0.1 /service/index.php/Home/install/InstallDetail.html?installID=IA01198642759&deviceID=ss2017010901
INFO: [ app_init ] --START--
INFO: Run Behavior\BuildLiteBehavior [ RunTime:0.000096s ]
INFO: [ app_init ] --END-- [ RunTime:0.000908s ]
INFO: [ app_begin ] --START--
INFO: Run Behavior\ReadHtmlCacheBehavior [ RunTime:0.000943s ]
INFO: [ app_begin ] --END-- [ RunTime:0.001759s ]
SQL: SHOW COLUMNS FROM `mcc_device_info` [ RunTime:0.0073s ]
SQL: SELECT di.device_sn, di.date_production, di.date_added,dt.type_name, c.fullname, c.address FROM `mcc_device_info` di LEFT JOIN mcc_device_type dt ON (dt.type_id = di.device_type_id) LEFT JOIN mcc_device_owner do ON (di.device_sn = do.device_sn) LEFT JOIN mcc_customer c ON(do.customer_id = c.customer_id ) where di.device_sn= 'ss2017010901' [ RunTime:0.0004s ]
SQL: SHOW COLUMNS FROM `mcc_device_install` [ RunTime:0.0043s ]
SQL: SELECT * FROM `mcc_device_install` WHERE ( install_id = 'IA01198642759'  ) LIMIT 1   [ RunTime:0.0003s ]
SQL: SHOW COLUMNS FROM `mcc_install_status` [ RunTime:0.0061s ]
SQL: SELECT `status_id`,`status_name` FROM `mcc_install_status` WHERE ( enable=1 )  [ RunTime:0.0003s ]
SQL: SHOW COLUMNS FROM `mcc_customer` [ RunTime:0.0044s ]
SQL: SHOW COLUMNS FROM `mcc_customer` [ RunTime:0.0036s ]
SQL: SELECT `customer_id`,`fullname` FROM `mcc_customer` WHERE `status` = 1 AND `approved` = 1 AND `customer_group_id` = 4 ORDER BY fullname asc  [ RunTime:0.0003s ]
SQL: SHOW COLUMNS FROM `mcc_device_install` [ RunTime:0.0027s ]
SQL: SELECT ibir.*, ibi.basic_item_name FROM mcc_install_basic_item_record ibir 
                LEFT JOIN mcc_install_basic_item ibi ON (ibir.basic_item_id = ibi.basic_item_id) WHERE ibir.install_id = 'IA01198642759'  ORDER BY basic_item_id ASC [ RunTime:0.0004s ]
SQL: SELECT item_type_id, item_type_name FROM mcc_install_item_type WHERE enable =1 [ RunTime:0.0002s ]
SQL: SELECT iir.*,ii.item_name FROM mcc_install_item_record iir
                        LEFT JOIN mcc_install_item ii ON (ii.item_id = iir.item_id)
                        LEFT JOIN mcc_install_item_type iit ON (iit.item_type_id = ii.item_type) 
                        WHERE iit.item_type_id=1 AND iir.install_id='IA01198642759' [ RunTime:0.0004s ]
SQL: SELECT iir.*,ii.item_name FROM mcc_install_item_record iir
                        LEFT JOIN mcc_install_item ii ON (ii.item_id = iir.item_id)
                        LEFT JOIN mcc_install_item_type iit ON (iit.item_type_id = ii.item_type) 
                        WHERE iit.item_type_id=2 AND iir.install_id='IA01198642759' [ RunTime:0.0003s ]
INFO: [ view_parse ] --START--
INFO: [ template_filter ] --START--
INFO: Run Behavior\ContentReplaceBehavior [ RunTime:0.000292s ]
INFO: [ template_filter ] --END-- [ RunTime:0.000823s ]
INFO: Run Behavior\ParseTemplateBehavior [ RunTime:0.028813s ]
INFO: [ view_parse ] --END-- [ RunTime:0.029396s ]
INFO: [ view_filter ] --START--
INFO: Run Behavior\WriteHtmlCacheBehavior [ RunTime:0.000587s ]
INFO: [ view_filter ] --END-- [ RunTime:0.001110s ]
INFO: [ app_end ] --START--
INFO: Run Behavior\ShowPageTraceBehavior [ RunTime:0.001015s ]
INFO: [ app_end ] --END-- [ RunTime:0.001749s ]

[ 2017-01-22T09:05:29+08:00 ] 127.0.0.1 /service/index.php/Home/install/index.html
INFO: [ app_init ] --START--
INFO: Run Behavior\BuildLiteBehavior [ RunTime:0.000104s ]
INFO: [ app_init ] --END-- [ RunTime:0.000946s ]
INFO: [ app_begin ] --START--
INFO: Run Behavior\ReadHtmlCacheBehavior [ RunTime:0.000782s ]
INFO: [ app_begin ] --END-- [ RunTime:0.001319s ]
SQL: SHOW COLUMNS FROM `mcc_install_status` [ RunTime:0.0080s ]
SQL: SELECT `status_id`,`status_name` FROM `mcc_install_status` WHERE ( enable=1 )  [ RunTime:0.0004s ]
SQL: SHOW COLUMNS FROM `mcc_device_type` [ RunTime:0.0059s ]
SQL: SELECT `type_id`,`type_name` FROM `mcc_device_type` WHERE ( enable=1 )  [ RunTime:0.0003s ]
SQL: SHOW COLUMNS FROM `mcc_device_install` [ RunTime:0.0044s ]
SQL: SELECT di.install_id, di.device_sn, dt.type_name, c.fullname, cus.fullname AS service_name, ist.status_name, di.install_plan_date FROM mcc_device_install di LEFT JOIN mcc_device_info dif ON (di.device_sn = dif.device_sn) LEFT JOIN mcc_device_type dt ON (dif.device_type_id = dt.type_id) LEFT JOIN mcc_device_owner do ON (di.device_sn = do.device_sn) LEFT JOIN mcc_customer c ON (do.customer_id = c.customer_id) LEFT JOIN mcc_customer cus ON (di.customer_id = cus.customer_id) LEFT JOIN mcc_install_status ist ON (ist.status_id = di.status) [ RunTime:0.0005s ]
INFO: [ view_parse ] --START--
INFO: [ template_filter ] --START--
INFO: Run Behavior\ContentReplaceBehavior [ RunTime:0.000281s ]
INFO: [ template_filter ] --END-- [ RunTime:0.000807s ]
INFO: Run Behavior\ParseTemplateBehavior [ RunTime:0.033104s ]
INFO: [ view_parse ] --END-- [ RunTime:0.033655s ]
INFO: [ view_filter ] --START--
INFO: Run Behavior\WriteHtmlCacheBehavior [ RunTime:0.000603s ]
INFO: [ view_filter ] --END-- [ RunTime:0.001100s ]
INFO: [ app_end ] --START--
INFO: Run Behavior\ShowPageTraceBehavior [ RunTime:0.001333s ]
INFO: [ app_end ] --END-- [ RunTime:0.002030s ]

[ 2017-01-22T09:06:14+08:00 ] 127.0.0.1 /service/index.php/Home/install/index.html
INFO: [ app_init ] --START--
INFO: Run Behavior\BuildLiteBehavior [ RunTime:0.000099s ]
INFO: [ app_init ] --END-- [ RunTime:0.000909s ]
INFO: [ app_begin ] --START--
INFO: Run Behavior\ReadHtmlCacheBehavior [ RunTime:0.000728s ]
INFO: [ app_begin ] --END-- [ RunTime:0.001254s ]
SQL: SHOW COLUMNS FROM `mcc_install_status` [ RunTime:0.0068s ]
SQL: SELECT `status_id`,`status_name` FROM `mcc_install_status` WHERE ( enable=1 )  [ RunTime:0.0003s ]
SQL: SHOW COLUMNS FROM `mcc_device_type` [ RunTime:0.0049s ]
SQL: SELECT `type_id`,`type_name` FROM `mcc_device_type` WHERE ( enable=1 )  [ RunTime:0.0003s ]
SQL: SHOW COLUMNS FROM `mcc_device_install` [ RunTime:0.0047s ]
SQL: SELECT di.install_id, di.device_sn, dt.type_name, c.fullname, cus.fullname AS service_name, ist.status_name, di.install_plan_date FROM mcc_device_install di LEFT JOIN mcc_device_info dif ON (di.device_sn = dif.device_sn) LEFT JOIN mcc_device_type dt ON (dif.device_type_id = dt.type_id) LEFT JOIN mcc_device_owner do ON (di.device_sn = do.device_sn) LEFT JOIN mcc_customer c ON (do.customer_id = c.customer_id) LEFT JOIN mcc_customer cus ON (di.customer_id = cus.customer_id) LEFT JOIN mcc_install_status ist ON (ist.status_id = di.status) [ RunTime:0.0005s ]
INFO: [ view_parse ] --START--
INFO: [ template_filter ] --START--
INFO: Run Behavior\ContentReplaceBehavior [ RunTime:0.000278s ]
INFO: [ template_filter ] --END-- [ RunTime:0.000821s ]
INFO: Run Behavior\ParseTemplateBehavior [ RunTime:0.032215s ]
INFO: [ view_parse ] --END-- [ RunTime:0.032752s ]
INFO: [ view_filter ] --START--
INFO: Run Behavior\WriteHtmlCacheBehavior [ RunTime:0.000622s ]
INFO: [ view_filter ] --END-- [ RunTime:0.001233s ]
INFO: [ app_end ] --START--
INFO: Run Behavior\ShowPageTraceBehavior [ RunTime:0.000853s ]
INFO: [ app_end ] --END-- [ RunTime:0.001423s ]

[ 2017-01-22T09:06:16+08:00 ] 127.0.0.1 /service/index.php/Home/install/InstallDetail.html?installID=IA01198642759&deviceID=ss2017010901
INFO: [ app_init ] --START--
INFO: Run Behavior\BuildLiteBehavior [ RunTime:0.000096s ]
INFO: [ app_init ] --END-- [ RunTime:0.000912s ]
INFO: [ app_begin ] --START--
INFO: Run Behavior\ReadHtmlCacheBehavior [ RunTime:0.000759s ]
INFO: [ app_begin ] --END-- [ RunTime:0.001331s ]
SQL: SHOW COLUMNS FROM `mcc_device_info` [ RunTime:0.0076s ]
SQL: SELECT di.device_sn, di.date_production, di.date_added,dt.type_name, c.fullname, c.address FROM `mcc_device_info` di LEFT JOIN mcc_device_type dt ON (dt.type_id = di.device_type_id) LEFT JOIN mcc_device_owner do ON (di.device_sn = do.device_sn) LEFT JOIN mcc_customer c ON(do.customer_id = c.customer_id ) where di.device_sn= 'ss2017010901' [ RunTime:0.0004s ]
SQL: SHOW COLUMNS FROM `mcc_device_install` [ RunTime:0.0047s ]
SQL: SELECT * FROM `mcc_device_install` WHERE ( install_id = 'IA01198642759'  ) LIMIT 1   [ RunTime:0.0003s ]
SQL: SHOW COLUMNS FROM `mcc_install_status` [ RunTime:0.0041s ]
SQL: SELECT `status_id`,`status_name` FROM `mcc_install_status` WHERE ( enable=1 )  [ RunTime:0.0003s ]
SQL: SHOW COLUMNS FROM `mcc_customer` [ RunTime:0.0048s ]
SQL: SHOW COLUMNS FROM `mcc_customer` [ RunTime:0.0027s ]
SQL: SELECT `customer_id`,`fullname` FROM `mcc_customer` WHERE `status` = 1 AND `approved` = 1 AND `customer_group_id` = 4 ORDER BY fullname asc  [ RunTime:0.0003s ]
SQL: SHOW COLUMNS FROM `mcc_device_install` [ RunTime:0.0029s ]
SQL: SELECT ibir.*, ibi.basic_item_name FROM mcc_install_basic_item_record ibir 
                LEFT JOIN mcc_install_basic_item ibi ON (ibir.basic_item_id = ibi.basic_item_id) WHERE ibir.install_id = 'IA01198642759'  ORDER BY basic_item_id ASC [ RunTime:0.0004s ]
SQL: SELECT item_type_id, item_type_name FROM mcc_install_item_type WHERE enable =1 [ RunTime:0.0002s ]
SQL: SELECT iir.*,ii.item_name FROM mcc_install_item_record iir
                        LEFT JOIN mcc_install_item ii ON (ii.item_id = iir.item_id)
                        LEFT JOIN mcc_install_item_type iit ON (iit.item_type_id = ii.item_type) 
                        WHERE iit.item_type_id=1 AND iir.install_id='IA01198642759' [ RunTime:0.0004s ]
SQL: SELECT iir.*,ii.item_name FROM mcc_install_item_record iir
                        LEFT JOIN mcc_install_item ii ON (ii.item_id = iir.item_id)
                        LEFT JOIN mcc_install_item_type iit ON (iit.item_type_id = ii.item_type) 
                        WHERE iit.item_type_id=2 AND iir.install_id='IA01198642759' [ RunTime:0.0003s ]
INFO: [ view_parse ] --START--
INFO: [ template_filter ] --START--
INFO: Run Behavior\ContentReplaceBehavior [ RunTime:0.000288s ]
INFO: [ template_filter ] --END-- [ RunTime:0.000814s ]
INFO: Run Behavior\ParseTemplateBehavior [ RunTime:0.029924s ]
INFO: [ view_parse ] --END-- [ RunTime:0.030471s ]
INFO: [ view_filter ] --START--
INFO: Run Behavior\WriteHtmlCacheBehavior [ RunTime:0.000593s ]
INFO: [ view_filter ] --END-- [ RunTime:0.001108s ]
INFO: [ app_end ] --START--
INFO: Run Behavior\ShowPageTraceBehavior [ RunTime:0.000758s ]
INFO: [ app_end ] --END-- [ RunTime:0.001357s ]

[ 2017-01-22T09:07:20+08:00 ] 127.0.0.1 /service/index.php/Home/install/index.html
INFO: [ app_init ] --START--
INFO: Run Behavior\BuildLiteBehavior [ RunTime:0.000092s ]
INFO: [ app_init ] --END-- [ RunTime:0.000917s ]
INFO: [ app_begin ] --START--
INFO: Run Behavior\ReadHtmlCacheBehavior [ RunTime:0.000744s ]
INFO: [ app_begin ] --END-- [ RunTime:0.001237s ]
SQL: SHOW COLUMNS FROM `mcc_install_status` [ RunTime:0.0074s ]
SQL: SELECT `status_id`,`status_name` FROM `mcc_install_status` WHERE ( enable=1 )  [ RunTime:0.0006s ]
SQL: SHOW COLUMNS FROM `mcc_device_type` [ RunTime:0.0050s ]
SQL: SELECT `type_id`,`type_name` FROM `mcc_device_type` WHERE ( enable=1 )  [ RunTime:0.0003s ]
SQL: SHOW COLUMNS FROM `mcc_device_install` [ RunTime:0.0048s ]
SQL: SELECT di.install_id, di.device_sn, dt.type_name, c.fullname, cus.fullname AS service_name, ist.status_name, di.install_plan_date FROM mcc_device_install di LEFT JOIN mcc_device_info dif ON (di.device_sn = dif.device_sn) LEFT JOIN mcc_device_type dt ON (dif.device_type_id = dt.type_id) LEFT JOIN mcc_device_owner do ON (di.device_sn = do.device_sn) LEFT JOIN mcc_customer c ON (do.customer_id = c.customer_id) LEFT JOIN mcc_customer cus ON (di.customer_id = cus.customer_id) LEFT JOIN mcc_install_status ist ON (ist.status_id = di.status) [ RunTime:0.0005s ]
INFO: [ view_parse ] --START--
INFO: [ template_filter ] --START--
INFO: Run Behavior\ContentReplaceBehavior [ RunTime:0.000276s ]
INFO: [ template_filter ] --END-- [ RunTime:0.000841s ]
INFO: Run Behavior\ParseTemplateBehavior [ RunTime:0.032266s ]
INFO: [ view_parse ] --END-- [ RunTime:0.032860s ]
INFO: [ view_filter ] --START--
INFO: Run Behavior\WriteHtmlCacheBehavior [ RunTime:0.000616s ]
INFO: [ view_filter ] --END-- [ RunTime:0.001129s ]
INFO: [ app_end ] --START--
INFO: Run Behavior\ShowPageTraceBehavior [ RunTime:0.000817s ]
INFO: [ app_end ] --END-- [ RunTime:0.001348s ]

[ 2017-01-22T09:07:22+08:00 ] 127.0.0.1 /service/index.php/Home/install/InstallDetail.html?installID=IA01198642759&deviceID=ss2017010901
INFO: [ app_init ] --START--
INFO: Run Behavior\BuildLiteBehavior [ RunTime:0.000106s ]
INFO: [ app_init ] --END-- [ RunTime:0.000904s ]
INFO: [ app_begin ] --START--
INFO: Run Behavior\ReadHtmlCacheBehavior [ RunTime:0.000710s ]
INFO: [ app_begin ] --END-- [ RunTime:0.001233s ]
SQL: SHOW COLUMNS FROM `mcc_device_info` [ RunTime:0.0062s ]
SQL: SELECT di.device_sn, di.date_production, di.date_added,dt.type_name, c.fullname, c.address FROM `mcc_device_info` di LEFT JOIN mcc_device_type dt ON (dt.type_id = di.device_type_id) LEFT JOIN mcc_device_owner do ON (di.device_sn = do.device_sn) LEFT JOIN mcc_customer c ON(do.customer_id = c.customer_id ) where di.device_sn= 'ss2017010901' [ RunTime:0.0004s ]
SQL: SHOW COLUMNS FROM `mcc_device_install` [ RunTime:0.0050s ]
SQL: SELECT * FROM `mcc_device_install` WHERE ( install_id = 'IA01198642759'  ) LIMIT 1   [ RunTime:0.0003s ]
SQL: SHOW COLUMNS FROM `mcc_install_status` [ RunTime:0.0046s ]
SQL: SELECT `status_id`,`status_name` FROM `mcc_install_status` WHERE ( enable=1 )  [ RunTime:0.0003s ]
SQL: SHOW COLUMNS FROM `mcc_customer` [ RunTime:0.0052s ]
SQL: SHOW COLUMNS FROM `mcc_customer` [ RunTime:0.0034s ]
SQL: SELECT `customer_id`,`fullname` FROM `mcc_customer` WHERE `status` = 1 AND `approved` = 1 AND `customer_group_id` = 4 ORDER BY fullname asc  [ RunTime:0.0003s ]
SQL: SHOW COLUMNS FROM `mcc_device_install` [ RunTime:0.0032s ]
SQL: SELECT ibir.*, ibi.basic_item_name FROM mcc_install_basic_item_record ibir 
                LEFT JOIN mcc_install_basic_item ibi ON (ibir.basic_item_id = ibi.basic_item_id) WHERE ibir.install_id = 'IA01198642759'  ORDER BY basic_item_id ASC [ RunTime:0.0004s ]
SQL: SELECT item_type_id, item_type_name FROM mcc_install_item_type WHERE enable =1 [ RunTime:0.0002s ]
SQL: SELECT iir.*,ii.item_name FROM mcc_install_item_record iir
                        LEFT JOIN mcc_install_item ii ON (ii.item_id = iir.item_id)
                        LEFT JOIN mcc_install_item_type iit ON (iit.item_type_id = ii.item_type) 
                        WHERE iit.item_type_id=1 AND iir.install_id='IA01198642759' [ RunTime:0.0004s ]
SQL: SELECT iir.*,ii.item_name FROM mcc_install_item_record iir
                        LEFT JOIN mcc_install_item ii ON (ii.item_id = iir.item_id)
                        LEFT JOIN mcc_install_item_type iit ON (iit.item_type_id = ii.item_type) 
                        WHERE iit.item_type_id=2 AND iir.install_id='IA01198642759' [ RunTime:0.0003s ]
INFO: [ view_parse ] --START--
INFO: [ template_filter ] --START--
INFO: Run Behavior\ContentReplaceBehavior [ RunTime:0.000285s ]
INFO: [ template_filter ] --END-- [ RunTime:0.000803s ]
INFO: Run Behavior\ParseTemplateBehavior [ RunTime:0.028610s ]
INFO: [ view_parse ] --END-- [ RunTime:0.029145s ]
INFO: [ view_filter ] --START--
INFO: Run Behavior\WriteHtmlCacheBehavior [ RunTime:0.000595s ]
INFO: [ view_filter ] --END-- [ RunTime:0.001113s ]
INFO: [ app_end ] --START--
INFO: Run Behavior\ShowPageTraceBehavior [ RunTime:0.000764s ]
INFO: [ app_end ] --END-- [ RunTime:0.001310s ]

[ 2017-01-22T09:10:37+08:00 ] 127.0.0.1 /service/index.php/Home/DeviceProblem/Problem.html
INFO: [ app_init ] --START--
INFO: Run Behavior\BuildLiteBehavior [ RunTime:0.000108s ]
INFO: [ app_init ] --END-- [ RunTime:0.000930s ]
INFO: [ app_begin ] --START--
INFO: Run Behavior\ReadHtmlCacheBehavior [ RunTime:0.001078s ]
INFO: [ app_begin ] --END-- [ RunTime:0.001752s ]
SQL: SHOW COLUMNS FROM `mcc_device_problem` [ RunTime:0.0167s ]
SQL: 
        SELECT V.*,mcc_customer.fullname as owner_name FROM 
        (SELECT
        mcc_device_problem.*, 
        mcc_device_owner.customer_id as owner_id,
        mcc_device_info.device_des,
        mcc_device_info.device_type_id,
        mcc_device_type.type_name,
        mcc_customer.fullname as service_staff_name,
        mcc_problem_status.status_name
        FROM
        mcc_device_problem
        LEFT JOIN mcc_device_info ON mcc_device_problem.device_sn = mcc_device_info.device_sn
        LEFT JOIN mcc_device_owner ON mcc_device_owner.device_sn = mcc_device_problem.device_sn
        LEFT JOIN mcc_customer ON mcc_device_problem.service_staff_id = mcc_customer.customer_id
        LEFT JOIN mcc_device_type ON mcc_device_type.type_id = mcc_device_info.device_type_id
        LEFT JOIN mcc_problem_status ON mcc_device_problem.`status` = mcc_problem_status.status_id
        ) as V
        LEFT JOIN mcc_customer ON V.owner_id = mcc_customer.customer_id [ RunTime:0.0069s ]
SQL: SHOW COLUMNS FROM `mcc_problem_status` [ RunTime:0.0045s ]
SQL: SELECT * FROM `mcc_problem_status`  [ RunTime:0.0003s ]
SQL: SHOW COLUMNS FROM `mcc_device_type` [ RunTime:0.0047s ]
SQL: SELECT * FROM `mcc_device_type`  [ RunTime:0.0003s ]
INFO: [ view_parse ] --START--
INFO: [ template_filter ] --START--
INFO: Run Behavior\ContentReplaceBehavior [ RunTime:0.000354s ]
INFO: [ template_filter ] --END-- [ RunTime:0.001023s ]
INFO: Run Behavior\ParseTemplateBehavior [ RunTime:0.043342s ]
INFO: [ view_parse ] --END-- [ RunTime:0.043927s ]
INFO: [ view_filter ] --START--
INFO: Run Behavior\WriteHtmlCacheBehavior [ RunTime:0.000700s ]
INFO: [ view_filter ] --END-- [ RunTime:0.001291s ]
INFO: [ app_end ] --START--
INFO: Run Behavior\ShowPageTraceBehavior [ RunTime:0.001505s ]
INFO: [ app_end ] --END-- [ RunTime:0.002567s ]

[ 2017-01-22T09:10:39+08:00 ] 127.0.0.1 /service/index.php/Home/DeviceProblem/AssignProblem.html?index=0
INFO: [ app_init ] --START--
INFO: Run Behavior\BuildLiteBehavior [ RunTime:0.000101s ]
INFO: [ app_init ] --END-- [ RunTime:0.000909s ]
INFO: [ app_begin ] --START--
INFO: Run Behavior\ReadHtmlCacheBehavior [ RunTime:0.000725s ]
INFO: [ app_begin ] --END-- [ RunTime:0.001270s ]
SQL: SHOW COLUMNS FROM `mcc_device_problem` [ RunTime:0.0063s ]
SQL: SHOW COLUMNS FROM `mcc_problem_des_image` [ RunTime:0.0048s ]
SQL: SELECT * FROM `mcc_problem_des_image` WHERE ( problem_id='p00001' ) ORDER BY sort_order  [ RunTime:0.0004s ]
SQL: SHOW COLUMNS FROM `mcc_problem_des_voice` [ RunTime:0.0049s ]
SQL: SELECT * FROM `mcc_problem_des_voice` WHERE ( problem_id='p00001' ) ORDER BY sort_order  [ RunTime:0.0003s ]
SQL: SELECT mcc_customer.customer_id,mcc_customer.fullname FROM mcc_customer WHERE mcc_customer.customer_group_id='4' [ RunTime:0.0002s ]
INFO: [ view_parse ] --START--
INFO: [ template_filter ] --START--
INFO: Run Behavior\ContentReplaceBehavior [ RunTime:0.000282s ]
INFO: [ template_filter ] --END-- [ RunTime:0.000816s ]
INFO: Run Behavior\ParseTemplateBehavior [ RunTime:0.041247s ]
INFO: [ view_parse ] --END-- [ RunTime:0.041828s ]
INFO: [ view_filter ] --START--
INFO: Run Behavior\WriteHtmlCacheBehavior [ RunTime:0.000651s ]
INFO: [ view_filter ] --END-- [ RunTime:0.001216s ]
INFO: [ app_end ] --START--
INFO: Run Behavior\ShowPageTraceBehavior [ RunTime:0.000858s ]
INFO: [ app_end ] --END-- [ RunTime:0.001461s ]

[ 2017-01-22T09:11:51+08:00 ] 127.0.0.1 /service/index.php/Home/install/index.html
INFO: [ app_init ] --START--
INFO: Run Behavior\BuildLiteBehavior [ RunTime:0.000118s ]
INFO: [ app_init ] --END-- [ RunTime:0.001065s ]
INFO: [ app_begin ] --START--
INFO: Run Behavior\ReadHtmlCacheBehavior [ RunTime:0.000707s ]
INFO: [ app_begin ] --END-- [ RunTime:0.001283s ]
SQL: SHOW COLUMNS FROM `mcc_install_status` [ RunTime:0.0068s ]
SQL: SELECT `status_id`,`status_name` FROM `mcc_install_status` WHERE ( enable=1 )  [ RunTime:0.0003s ]
SQL: SHOW COLUMNS FROM `mcc_device_type` [ RunTime:0.0045s ]
SQL: SELECT `type_id`,`type_name` FROM `mcc_device_type` WHERE ( enable=1 )  [ RunTime:0.0003s ]
SQL: SHOW COLUMNS FROM `mcc_device_install` [ RunTime:0.0052s ]
SQL: SELECT di.install_id, di.device_sn, dt.type_name, c.fullname, cus.fullname AS service_name, ist.status_name, di.install_plan_date FROM mcc_device_install di LEFT JOIN mcc_device_info dif ON (di.device_sn = dif.device_sn) LEFT JOIN mcc_device_type dt ON (dif.device_type_id = dt.type_id) LEFT JOIN mcc_device_owner do ON (di.device_sn = do.device_sn) LEFT JOIN mcc_customer c ON (do.customer_id = c.customer_id) LEFT JOIN mcc_customer cus ON (di.customer_id = cus.customer_id) LEFT JOIN mcc_install_status ist ON (ist.status_id = di.status) [ RunTime:0.0004s ]
INFO: [ view_parse ] --START--
INFO: [ template_filter ] --START--
INFO: Run Behavior\ContentReplaceBehavior [ RunTime:0.000290s ]
INFO: [ template_filter ] --END-- [ RunTime:0.000858s ]
INFO: Run Behavior\ParseTemplateBehavior [ RunTime:0.032401s ]
INFO: [ view_parse ] --END-- [ RunTime:0.032938s ]
INFO: [ view_filter ] --START--
INFO: Run Behavior\WriteHtmlCacheBehavior [ RunTime:0.000615s ]
INFO: [ view_filter ] --END-- [ RunTime:0.001183s ]
INFO: [ app_end ] --START--
INFO: Run Behavior\ShowPageTraceBehavior [ RunTime:0.000919s ]
INFO: [ app_end ] --END-- [ RunTime:0.001480s ]

[ 2017-01-22T09:11:52+08:00 ] 127.0.0.1 /service/index.php/Home/DeviceProblem/Problem.html
INFO: [ app_init ] --START--
INFO: Run Behavior\BuildLiteBehavior [ RunTime:0.000107s ]
INFO: [ app_init ] --END-- [ RunTime:0.000932s ]
INFO: [ app_begin ] --START--
INFO: Run Behavior\ReadHtmlCacheBehavior [ RunTime:0.000780s ]
INFO: [ app_begin ] --END-- [ RunTime:0.001292s ]
SQL: SHOW COLUMNS FROM `mcc_device_problem` [ RunTime:0.0078s ]
SQL: 
        SELECT V.*,mcc_customer.fullname as owner_name FROM 
        (SELECT
        mcc_device_problem.*, 
        mcc_device_owner.customer_id as owner_id,
        mcc_device_info.device_des,
        mcc_device_info.device_type_id,
        mcc_device_type.type_name,
        mcc_customer.fullname as service_staff_name,
        mcc_problem_status.status_name
        FROM
        mcc_device_problem
        LEFT JOIN mcc_device_info ON mcc_device_problem.device_sn = mcc_device_info.device_sn
        LEFT JOIN mcc_device_owner ON mcc_device_owner.device_sn = mcc_device_problem.device_sn
        LEFT JOIN mcc_customer ON mcc_device_problem.service_staff_id = mcc_customer.customer_id
        LEFT JOIN mcc_device_type ON mcc_device_type.type_id = mcc_device_info.device_type_id
        LEFT JOIN mcc_problem_status ON mcc_device_problem.`status` = mcc_problem_status.status_id
        ) as V
        LEFT JOIN mcc_customer ON V.owner_id = mcc_customer.customer_id [ RunTime:0.0075s ]
SQL: SHOW COLUMNS FROM `mcc_problem_status` [ RunTime:0.0049s ]
SQL: SELECT * FROM `mcc_problem_status`  [ RunTime:0.0002s ]
SQL: SHOW COLUMNS FROM `mcc_device_type` [ RunTime:0.0048s ]
SQL: SELECT * FROM `mcc_device_type`  [ RunTime:0.0003s ]
INFO: [ view_parse ] --START--
INFO: [ template_filter ] --START--
INFO: Run Behavior\ContentReplaceBehavior [ RunTime:0.000298s ]
INFO: [ template_filter ] --END-- [ RunTime:0.000828s ]
INFO: Run Behavior\ParseTemplateBehavior [ RunTime:0.035251s ]
INFO: [ view_parse ] --END-- [ RunTime:0.035846s ]
INFO: [ view_filter ] --START--
INFO: Run Behavior\WriteHtmlCacheBehavior [ RunTime:0.000730s ]
INFO: [ view_filter ] --END-- [ RunTime:0.001341s ]
INFO: [ app_end ] --START--
INFO: Run Behavior\ShowPageTraceBehavior [ RunTime:0.000887s ]
INFO: [ app_end ] --END-- [ RunTime:0.001741s ]

[ 2017-01-22T09:24:44+08:00 ] 127.0.0.1 /service/index.php/Home/DeviceProblem/Problem.html
INFO: [ app_init ] --START--
INFO: Run Behavior\BuildLiteBehavior [ RunTime:0.000127s ]
INFO: [ app_init ] --END-- [ RunTime:0.001198s ]
INFO: [ app_begin ] --START--
INFO: Run Behavior\ReadHtmlCacheBehavior [ RunTime:0.001348s ]
INFO: [ app_begin ] --END-- [ RunTime:0.002204s ]
SQL: SHOW COLUMNS FROM `mcc_device_problem` [ RunTime:0.0108s ]
SQL: 
        SELECT V.*,mcc_customer.fullname as owner_name FROM 
        (SELECT
        mcc_device_problem.*, 
        mcc_device_owner.customer_id as owner_id,
        mcc_device_info.device_des,
        mcc_device_info.device_type_id,
        mcc_device_type.type_name,
        mcc_customer.fullname as service_staff_name,
        mcc_problem_status.status_name
        FROM
        mcc_device_problem
        LEFT JOIN mcc_device_info ON mcc_device_problem.device_sn = mcc_device_info.device_sn
        LEFT JOIN mcc_device_owner ON mcc_device_owner.device_sn = mcc_device_problem.device_sn
        LEFT JOIN mcc_customer ON mcc_device_problem.service_staff_id = mcc_customer.customer_id
        LEFT JOIN mcc_device_type ON mcc_device_type.type_id = mcc_device_info.device_type_id
        LEFT JOIN mcc_problem_status ON mcc_device_problem.`status` = mcc_problem_status.status_id
        ) as V
        LEFT JOIN mcc_customer ON V.owner_id = mcc_customer.customer_id [ RunTime:0.0120s ]
SQL: SHOW COLUMNS FROM `mcc_problem_status` [ RunTime:0.0089s ]
SQL: SELECT * FROM `mcc_problem_status`  [ RunTime:0.0004s ]
SQL: SHOW COLUMNS FROM `mcc_device_type` [ RunTime:0.0061s ]
SQL: SELECT * FROM `mcc_device_type`  [ RunTime:0.0005s ]
INFO: [ view_parse ] --START--
INFO: [ template_filter ] --START--
INFO: Run Behavior\ContentReplaceBehavior [ RunTime:0.000385s ]
INFO: [ template_filter ] --END-- [ RunTime:0.001079s ]
INFO: Run Behavior\ParseTemplateBehavior [ RunTime:0.049724s ]
INFO: [ view_parse ] --END-- [ RunTime:0.050628s ]
INFO: [ view_filter ] --START--
INFO: Run Behavior\WriteHtmlCacheBehavior [ RunTime:0.001140s ]
INFO: [ view_filter ] --END-- [ RunTime:0.002078s ]
INFO: [ app_end ] --START--
INFO: Run Behavior\ShowPageTraceBehavior [ RunTime:0.001477s ]
INFO: [ app_end ] --END-- [ RunTime:0.002491s ]

[ 2017-01-22T09:24:45+08:00 ] 127.0.0.1 /service/index.php/Home/DeviceProblem/Problem.html
INFO: [ app_init ] --START--
INFO: Run Behavior\BuildLiteBehavior [ RunTime:0.000106s ]
INFO: [ app_init ] --END-- [ RunTime:0.000966s ]
INFO: [ app_begin ] --START--
INFO: Run Behavior\ReadHtmlCacheBehavior [ RunTime:0.000768s ]
INFO: [ app_begin ] --END-- [ RunTime:0.001348s ]
SQL: SHOW COLUMNS FROM `mcc_device_problem` [ RunTime:0.0083s ]
SQL: 
        SELECT V.*,mcc_customer.fullname as owner_name FROM 
        (SELECT
        mcc_device_problem.*, 
        mcc_device_owner.customer_id as owner_id,
        mcc_device_info.device_des,
        mcc_device_info.device_type_id,
        mcc_device_type.type_name,
        mcc_customer.fullname as service_staff_name,
        mcc_problem_status.status_name
        FROM
        mcc_device_problem
        LEFT JOIN mcc_device_info ON mcc_device_problem.device_sn = mcc_device_info.device_sn
        LEFT JOIN mcc_device_owner ON mcc_device_owner.device_sn = mcc_device_problem.device_sn
        LEFT JOIN mcc_customer ON mcc_device_problem.service_staff_id = mcc_customer.customer_id
        LEFT JOIN mcc_device_type ON mcc_device_type.type_id = mcc_device_info.device_type_id
        LEFT JOIN mcc_problem_status ON mcc_device_problem.`status` = mcc_problem_status.status_id
        ) as V
        LEFT JOIN mcc_customer ON V.owner_id = mcc_customer.customer_id [ RunTime:0.0070s ]
SQL: SHOW COLUMNS FROM `mcc_problem_status` [ RunTime:0.0067s ]
SQL: SELECT * FROM `mcc_problem_status`  [ RunTime:0.0003s ]
SQL: SHOW COLUMNS FROM `mcc_device_type` [ RunTime:0.0049s ]
SQL: SELECT * FROM `mcc_device_type`  [ RunTime:0.0003s ]
INFO: [ view_parse ] --START--
INFO: [ template_filter ] --START--
INFO: Run Behavior\ContentReplaceBehavior [ RunTime:0.000336s ]
INFO: [ template_filter ] --END-- [ RunTime:0.000961s ]
INFO: Run Behavior\ParseTemplateBehavior [ RunTime:0.041778s ]
INFO: [ view_parse ] --END-- [ RunTime:0.042494s ]
INFO: [ view_filter ] --START--
INFO: Run Behavior\WriteHtmlCacheBehavior [ RunTime:0.000923s ]
INFO: [ view_filter ] --END-- [ RunTime:0.001675s ]
INFO: [ app_end ] --START--
INFO: Run Behavior\ShowPageTraceBehavior [ RunTime:0.001145s ]
INFO: [ app_end ] --END-- [ RunTime:0.001911s ]

[ 2017-01-22T09:24:45+08:00 ] 127.0.0.1 /service/index.php/Home/DeviceProblem/Problem.html
INFO: [ app_init ] --START--
INFO: Run Behavior\BuildLiteBehavior [ RunTime:0.000141s ]
INFO: [ app_init ] --END-- [ RunTime:0.001285s ]
INFO: [ app_begin ] --START--
INFO: Run Behavior\ReadHtmlCacheBehavior [ RunTime:0.001091s ]
INFO: [ app_begin ] --END-- [ RunTime:0.001828s ]
SQL: SHOW COLUMNS FROM `mcc_device_problem` [ RunTime:0.0041s ]
SQL: 
        SELECT V.*,mcc_customer.fullname as owner_name FROM 
        (SELECT
        mcc_device_problem.*, 
        mcc_device_owner.customer_id as owner_id,
        mcc_device_info.device_des,
        mcc_device_info.device_type_id,
        mcc_device_type.type_name,
        mcc_customer.fullname as service_staff_name,
        mcc_problem_status.status_name
        FROM
        mcc_device_problem
        LEFT JOIN mcc_device_info ON mcc_device_problem.device_sn = mcc_device_info.device_sn
        LEFT JOIN mcc_device_owner ON mcc_device_owner.device_sn = mcc_device_problem.device_sn
        LEFT JOIN mcc_customer ON mcc_device_problem.service_staff_id = mcc_customer.customer_id
        LEFT JOIN mcc_device_type ON mcc_device_type.type_id = mcc_device_info.device_type_id
        LEFT JOIN mcc_problem_status ON mcc_device_problem.`status` = mcc_problem_status.status_id
        ) as V
        LEFT JOIN mcc_customer ON V.owner_id = mcc_customer.customer_id [ RunTime:0.0046s ]
SQL: SHOW COLUMNS FROM `mcc_problem_status` [ RunTime:0.0039s ]
SQL: SELECT * FROM `mcc_problem_status`  [ RunTime:0.0005s ]
SQL: SHOW COLUMNS FROM `mcc_device_type` [ RunTime:0.0044s ]
SQL: SELECT * FROM `mcc_device_type`  [ RunTime:0.0004s ]
INFO: [ view_parse ] --START--
INFO: [ template_filter ] --START--
INFO: Run Behavior\ContentReplaceBehavior [ RunTime:0.000439s ]
INFO: [ template_filter ] --END-- [ RunTime:0.001229s ]
INFO: Run Behavior\ParseTemplateBehavior [ RunTime:0.049916s ]
INFO: [ view_parse ] --END-- [ RunTime:0.050708s ]
INFO: [ view_filter ] --START--
INFO: Run Behavior\WriteHtmlCacheBehavior [ RunTime:0.000946s ]
INFO: [ view_filter ] --END-- [ RunTime:0.001719s ]
INFO: [ app_end ] --START--
INFO: Run Behavior\ShowPageTraceBehavior [ RunTime:0.001130s ]
INFO: [ app_end ] --END-- [ RunTime:0.002147s ]

[ 2017-01-22T09:24:46+08:00 ] 127.0.0.1 /service/index.php/Home/install/index.html
INFO: [ app_init ] --START--
INFO: Run Behavior\BuildLiteBehavior [ RunTime:0.000184s ]
INFO: [ app_init ] --END-- [ RunTime:0.001722s ]
INFO: [ app_begin ] --START--
INFO: Run Behavior\ReadHtmlCacheBehavior [ RunTime:0.001283s ]
INFO: [ app_begin ] --END-- [ RunTime:0.002240s ]
SQL: SHOW COLUMNS FROM `mcc_install_status` [ RunTime:0.0088s ]
SQL: SELECT `status_id`,`status_name` FROM `mcc_install_status` WHERE ( enable=1 )  [ RunTime:0.0004s ]
SQL: SHOW COLUMNS FROM `mcc_device_type` [ RunTime:0.0069s ]
SQL: SELECT `type_id`,`type_name` FROM `mcc_device_type` WHERE ( enable=1 )  [ RunTime:0.0003s ]
SQL: SHOW COLUMNS FROM `mcc_device_install` [ RunTime:0.0063s ]
SQL: SELECT di.install_id, di.device_sn, dt.type_name, c.fullname, cus.fullname AS service_name, ist.status_name, di.install_plan_date FROM mcc_device_install di LEFT JOIN mcc_device_info dif ON (di.device_sn = dif.device_sn) LEFT JOIN mcc_device_type dt ON (dif.device_type_id = dt.type_id) LEFT JOIN mcc_device_owner do ON (di.device_sn = do.device_sn) LEFT JOIN mcc_customer c ON (do.customer_id = c.customer_id) LEFT JOIN mcc_customer cus ON (di.customer_id = cus.customer_id) LEFT JOIN mcc_install_status ist ON (ist.status_id = di.status) [ RunTime:0.0006s ]
INFO: [ view_parse ] --START--
INFO: [ template_filter ] --START--
INFO: Run Behavior\ContentReplaceBehavior [ RunTime:0.000346s ]
INFO: [ template_filter ] --END-- [ RunTime:0.001034s ]
INFO: Run Behavior\ParseTemplateBehavior [ RunTime:0.041281s ]
INFO: [ view_parse ] --END-- [ RunTime:0.042069s ]
INFO: [ view_filter ] --START--
INFO: Run Behavior\WriteHtmlCacheBehavior [ RunTime:0.001283s ]
INFO: [ view_filter ] --END-- [ RunTime:0.002181s ]
INFO: [ app_end ] --START--
INFO: Run Behavior\ShowPageTraceBehavior [ RunTime:0.001367s ]
INFO: [ app_end ] --END-- [ RunTime:0.002276s ]

[ 2017-01-22T09:24:49+08:00 ] 127.0.0.1 /service/index.php/Home/install/InstallDetail.html?installID=IA01198642759&deviceID=ss2017010901
INFO: [ app_init ] --START--
INFO: Run Behavior\BuildLiteBehavior [ RunTime:0.000099s ]
INFO: [ app_init ] --END-- [ RunTime:0.000936s ]
INFO: [ app_begin ] --START--
INFO: Run Behavior\ReadHtmlCacheBehavior [ RunTime:0.000760s ]
INFO: [ app_begin ] --END-- [ RunTime:0.001310s ]
SQL: SHOW COLUMNS FROM `mcc_device_info` [ RunTime:0.0088s ]
SQL: SELECT di.device_sn, di.date_production, di.date_added,dt.type_name, c.fullname, c.address FROM `mcc_device_info` di LEFT JOIN mcc_device_type dt ON (dt.type_id = di.device_type_id) LEFT JOIN mcc_device_owner do ON (di.device_sn = do.device_sn) LEFT JOIN mcc_customer c ON(do.customer_id = c.customer_id ) where di.device_sn= 'ss2017010901' [ RunTime:0.0005s ]
SQL: SHOW COLUMNS FROM `mcc_device_install` [ RunTime:0.0051s ]
SQL: SELECT * FROM `mcc_device_install` WHERE ( install_id = 'IA01198642759'  ) LIMIT 1   [ RunTime:0.0004s ]
SQL: SHOW COLUMNS FROM `mcc_install_status` [ RunTime:0.0051s ]
SQL: SELECT `status_id`,`status_name` FROM `mcc_install_status` WHERE ( enable=1 )  [ RunTime:0.0003s ]
SQL: SHOW COLUMNS FROM `mcc_customer` [ RunTime:0.0073s ]
SQL: SHOW COLUMNS FROM `mcc_customer` [ RunTime:0.0033s ]
SQL: SELECT `customer_id`,`fullname` FROM `mcc_customer` WHERE `status` = 1 AND `approved` = 1 AND `customer_group_id` = 4 ORDER BY fullname asc  [ RunTime:0.0003s ]
SQL: SHOW COLUMNS FROM `mcc_device_install` [ RunTime:0.0036s ]
SQL: SELECT ibir.*, ibi.basic_item_name FROM mcc_install_basic_item_record ibir 
                LEFT JOIN mcc_install_basic_item ibi ON (ibir.basic_item_id = ibi.basic_item_id) WHERE ibir.install_id = 'IA01198642759'  ORDER BY basic_item_id ASC [ RunTime:0.0004s ]
SQL: SELECT item_type_id, item_type_name FROM mcc_install_item_type WHERE enable =1 [ RunTime:0.0003s ]
SQL: SELECT iir.*,ii.item_name FROM mcc_install_item_record iir
                        LEFT JOIN mcc_install_item ii ON (ii.item_id = iir.item_id)
                        LEFT JOIN mcc_install_item_type iit ON (iit.item_type_id = ii.item_type) 
                        WHERE iit.item_type_id=1 AND iir.install_id='IA01198642759' [ RunTime:0.0005s ]
SQL: SELECT iir.*,ii.item_name FROM mcc_install_item_record iir
                        LEFT JOIN mcc_install_item ii ON (ii.item_id = iir.item_id)
                        LEFT JOIN mcc_install_item_type iit ON (iit.item_type_id = ii.item_type) 
                        WHERE iit.item_type_id=2 AND iir.install_id='IA01198642759' [ RunTime:0.0003s ]
INFO: [ view_parse ] --START--
INFO: [ template_filter ] --START--
INFO: Run Behavior\ContentReplaceBehavior [ RunTime:0.000369s ]
INFO: [ template_filter ] --END-- [ RunTime:0.001054s ]
INFO: Run Behavior\ParseTemplateBehavior [ RunTime:0.033694s ]
INFO: [ view_parse ] --END-- [ RunTime:0.034315s ]
INFO: [ view_filter ] --START--
INFO: Run Behavior\WriteHtmlCacheBehavior [ RunTime:0.000702s ]
INFO: [ view_filter ] --END-- [ RunTime:0.001314s ]
INFO: [ app_end ] --START--
INFO: Run Behavior\ShowPageTraceBehavior [ RunTime:0.000937s ]
INFO: [ app_end ] --END-- [ RunTime:0.001598s ]

[ 2017-01-22T09:25:23+08:00 ] 127.0.0.1 /service/index.php/Home/install/InstallDetail.html?installID=IA01198642759&deviceID=ss2017010901
INFO: [ app_init ] --START--
INFO: Run Behavior\BuildLiteBehavior [ RunTime:0.000154s ]
INFO: [ app_init ] --END-- [ RunTime:0.001460s ]
INFO: [ app_begin ] --START--
INFO: Run Behavior\ReadHtmlCacheBehavior [ RunTime:0.001778s ]
INFO: [ app_begin ] --END-- [ RunTime:0.003085s ]
SQL: SHOW COLUMNS FROM `mcc_device_info` [ RunTime:0.0140s ]
SQL: SELECT di.device_sn, di.date_production, di.date_added,dt.type_name, c.fullname, c.address FROM `mcc_device_info` di LEFT JOIN mcc_device_type dt ON (dt.type_id = di.device_type_id) LEFT JOIN mcc_device_owner do ON (di.device_sn = do.device_sn) LEFT JOIN mcc_customer c ON(do.customer_id = c.customer_id ) where di.device_sn= 'ss2017010901' [ RunTime:0.0009s ]
SQL: SHOW COLUMNS FROM `mcc_device_install` [ RunTime:0.0087s ]
SQL: SELECT * FROM `mcc_device_install` WHERE ( install_id = 'IA01198642759'  ) LIMIT 1   [ RunTime:0.0005s ]
SQL: SHOW COLUMNS FROM `mcc_install_status` [ RunTime:0.0086s ]
SQL: SELECT `status_id`,`status_name` FROM `mcc_install_status` WHERE ( enable=1 )  [ RunTime:0.0006s ]
SQL: SHOW COLUMNS FROM `mcc_customer` [ RunTime:0.0096s ]
SQL: SHOW COLUMNS FROM `mcc_customer` [ RunTime:0.0062s ]
SQL: SELECT `customer_id`,`fullname` FROM `mcc_customer` WHERE `status` = 1 AND `approved` = 1 AND `customer_group_id` = 4 ORDER BY fullname asc  [ RunTime:0.0005s ]
SQL: SHOW COLUMNS FROM `mcc_device_install` [ RunTime:0.0055s ]
SQL: SELECT ibir.*, ibi.basic_item_name FROM mcc_install_basic_item_record ibir 
                LEFT JOIN mcc_install_basic_item ibi ON (ibir.basic_item_id = ibi.basic_item_id) WHERE ibir.install_id = 'IA01198642759'  ORDER BY basic_item_id ASC [ RunTime:0.0006s ]
SQL: SELECT item_type_id, item_type_name FROM mcc_install_item_type WHERE enable =1 [ RunTime:0.0003s ]
SQL: SELECT iir.*,ii.item_name FROM mcc_install_item_record iir
                        LEFT JOIN mcc_install_item ii ON (ii.item_id = iir.item_id)
                        LEFT JOIN mcc_install_item_type iit ON (iit.item_type_id = ii.item_type) 
                        WHERE iit.item_type_id=1 AND iir.install_id='IA01198642759' [ RunTime:0.0008s ]
SQL: SELECT iir.*,ii.item_name FROM mcc_install_item_record iir
                        LEFT JOIN mcc_install_item ii ON (ii.item_id = iir.item_id)
                        LEFT JOIN mcc_install_item_type iit ON (iit.item_type_id = ii.item_type) 
                        WHERE iit.item_type_id=2 AND iir.install_id='IA01198642759' [ RunTime:0.0005s ]
INFO: [ view_parse ] --START--
INFO: [ template_filter ] --START--
INFO: Run Behavior\ContentReplaceBehavior [ RunTime:0.000459s ]
INFO: [ template_filter ] --END-- [ RunTime:0.001327s ]
INFO: Run Behavior\ParseTemplateBehavior [ RunTime:0.042029s ]
INFO: [ view_parse ] --END-- [ RunTime:0.042853s ]
INFO: [ view_filter ] --START--
INFO: Run Behavior\WriteHtmlCacheBehavior [ RunTime:0.000797s ]
INFO: [ view_filter ] --END-- [ RunTime:0.001498s ]
INFO: [ app_end ] --START--
INFO: Run Behavior\ShowPageTraceBehavior [ RunTime:0.001095s ]
INFO: [ app_end ] --END-- [ RunTime:0.001810s ]

[ 2017-01-22T09:25:46+08:00 ] 127.0.0.1 /service/index.php/Home/install/InstallDetail.html?installID=IA01198642759&deviceID=ss2017010901
INFO: [ app_init ] --START--
INFO: Run Behavior\BuildLiteBehavior [ RunTime:0.000170s ]
INFO: [ app_init ] --END-- [ RunTime:0.001580s ]
INFO: [ app_begin ] --START--
INFO: Run Behavior\ReadHtmlCacheBehavior [ RunTime:0.001296s ]
INFO: [ app_begin ] --END-- [ RunTime:0.002250s ]
SQL: SHOW COLUMNS FROM `mcc_device_info` [ RunTime:0.0110s ]
SQL: SELECT di.device_sn, di.date_production, di.date_added,dt.type_name, c.fullname, c.address FROM `mcc_device_info` di LEFT JOIN mcc_device_type dt ON (dt.type_id = di.device_type_id) LEFT JOIN mcc_device_owner do ON (di.device_sn = do.device_sn) LEFT JOIN mcc_customer c ON(do.customer_id = c.customer_id ) where di.device_sn= 'ss2017010901' [ RunTime:0.0007s ]
SQL: SHOW COLUMNS FROM `mcc_device_install` [ RunTime:0.0082s ]
SQL: SELECT * FROM `mcc_device_install` WHERE ( install_id = 'IA01198642759'  ) LIMIT 1   [ RunTime:0.0005s ]
SQL: SHOW COLUMNS FROM `mcc_install_status` [ RunTime:0.0062s ]
SQL: SELECT `status_id`,`status_name` FROM `mcc_install_status` WHERE ( enable=1 )  [ RunTime:0.0005s ]
SQL: SHOW COLUMNS FROM `mcc_customer` [ RunTime:0.0071s ]
SQL: SHOW COLUMNS FROM `mcc_customer` [ RunTime:0.0044s ]
SQL: SELECT `customer_id`,`fullname` FROM `mcc_customer` WHERE `status` = 1 AND `approved` = 1 AND `customer_group_id` = 4 ORDER BY fullname asc  [ RunTime:0.0004s ]
SQL: SHOW COLUMNS FROM `mcc_device_install` [ RunTime:0.0040s ]
SQL: SELECT ibir.*, ibi.basic_item_name FROM mcc_install_basic_item_record ibir 
                LEFT JOIN mcc_install_basic_item ibi ON (ibir.basic_item_id = ibi.basic_item_id) WHERE ibir.install_id = 'IA01198642759'  ORDER BY basic_item_id ASC [ RunTime:0.0005s ]
SQL: SELECT item_type_id, item_type_name FROM mcc_install_item_type WHERE enable =1 [ RunTime:0.0003s ]
SQL: SELECT iir.*,ii.item_name FROM mcc_install_item_record iir
                        LEFT JOIN mcc_install_item ii ON (ii.item_id = iir.item_id)
                        LEFT JOIN mcc_install_item_type iit ON (iit.item_type_id = ii.item_type) 
                        WHERE iit.item_type_id=1 AND iir.install_id='IA01198642759' [ RunTime:0.0005s ]
SQL: SELECT iir.*,ii.item_name FROM mcc_install_item_record iir
                        LEFT JOIN mcc_install_item ii ON (ii.item_id = iir.item_id)
                        LEFT JOIN mcc_install_item_type iit ON (iit.item_type_id = ii.item_type) 
                        WHERE iit.item_type_id=2 AND iir.install_id='IA01198642759' [ RunTime:0.0004s ]
INFO: [ view_parse ] --START--
INFO: [ template_filter ] --START--
INFO: Run Behavior\ContentReplaceBehavior [ RunTime:0.000365s ]
INFO: [ template_filter ] --END-- [ RunTime:0.001037s ]
INFO: Run Behavior\ParseTemplateBehavior [ RunTime:0.034948s ]
INFO: [ view_parse ] --END-- [ RunTime:0.035600s ]
INFO: [ view_filter ] --START--
INFO: Run Behavior\WriteHtmlCacheBehavior [ RunTime:0.000674s ]
INFO: [ view_filter ] --END-- [ RunTime:0.001261s ]
INFO: [ app_end ] --START--
INFO: Run Behavior\ShowPageTraceBehavior [ RunTime:0.001140s ]
INFO: [ app_end ] --END-- [ RunTime:0.001798s ]

[ 2017-01-22T09:26:00+08:00 ] 127.0.0.1 /service/index.php/Home/install/InstallDetail.html?installID=IA01198642759&deviceID=ss2017010901
INFO: [ app_init ] --START--
INFO: Run Behavior\BuildLiteBehavior [ RunTime:0.000125s ]
INFO: [ app_init ] --END-- [ RunTime:0.001164s ]
INFO: [ app_begin ] --START--
INFO: Run Behavior\ReadHtmlCacheBehavior [ RunTime:0.001138s ]
INFO: [ app_begin ] --END-- [ RunTime:0.001993s ]
SQL: SHOW COLUMNS FROM `mcc_device_info` [ RunTime:0.0085s ]
SQL: SELECT di.device_sn, di.date_production, di.date_added,dt.type_name, c.fullname, c.address FROM `mcc_device_info` di LEFT JOIN mcc_device_type dt ON (dt.type_id = di.device_type_id) LEFT JOIN mcc_device_owner do ON (di.device_sn = do.device_sn) LEFT JOIN mcc_customer c ON(do.customer_id = c.customer_id ) where di.device_sn= 'ss2017010901' [ RunTime:0.0006s ]
SQL: SHOW COLUMNS FROM `mcc_device_install` [ RunTime:0.0071s ]
SQL: SELECT * FROM `mcc_device_install` WHERE ( install_id = 'IA01198642759'  ) LIMIT 1   [ RunTime:0.0004s ]
SQL: SHOW COLUMNS FROM `mcc_install_status` [ RunTime:0.0063s ]
SQL: SELECT `status_id`,`status_name` FROM `mcc_install_status` WHERE ( enable=1 )  [ RunTime:0.0004s ]
SQL: SHOW COLUMNS FROM `mcc_customer` [ RunTime:0.0055s ]
SQL: SHOW COLUMNS FROM `mcc_customer` [ RunTime:0.0045s ]
SQL: SELECT `customer_id`,`fullname` FROM `mcc_customer` WHERE `status` = 1 AND `approved` = 1 AND `customer_group_id` = 4 ORDER BY fullname asc  [ RunTime:0.0004s ]
SQL: SHOW COLUMNS FROM `mcc_device_install` [ RunTime:0.0033s ]
SQL: SELECT ibir.*, ibi.basic_item_name FROM mcc_install_basic_item_record ibir 
                LEFT JOIN mcc_install_basic_item ibi ON (ibir.basic_item_id = ibi.basic_item_id) WHERE ibir.install_id = 'IA01198642759'  ORDER BY basic_item_id ASC [ RunTime:0.0004s ]
SQL: SELECT item_type_id, item_type_name FROM mcc_install_item_type WHERE enable =1 [ RunTime:0.0003s ]
SQL: SELECT iir.*,ii.item_name FROM mcc_install_item_record iir
                        LEFT JOIN mcc_install_item ii ON (ii.item_id = iir.item_id)
                        LEFT JOIN mcc_install_item_type iit ON (iit.item_type_id = ii.item_type) 
                        WHERE iit.item_type_id=1 AND iir.install_id='IA01198642759' [ RunTime:0.0005s ]
SQL: SELECT iir.*,ii.item_name FROM mcc_install_item_record iir
                        LEFT JOIN mcc_install_item ii ON (ii.item_id = iir.item_id)
                        LEFT JOIN mcc_install_item_type iit ON (iit.item_type_id = ii.item_type) 
                        WHERE iit.item_type_id=2 AND iir.install_id='IA01198642759' [ RunTime:0.0004s ]
INFO: [ view_parse ] --START--
INFO: [ template_filter ] --START--
INFO: Run Behavior\ContentReplaceBehavior [ RunTime:0.000430s ]
INFO: [ template_filter ] --END-- [ RunTime:0.001226s ]
INFO: Run Behavior\ParseTemplateBehavior [ RunTime:0.040966s ]
INFO: [ view_parse ] --END-- [ RunTime:0.041676s ]
INFO: [ view_filter ] --START--
INFO: Run Behavior\WriteHtmlCacheBehavior [ RunTime:0.000848s ]
INFO: [ view_filter ] --END-- [ RunTime:0.001598s ]
INFO: [ app_end ] --START--
INFO: Run Behavior\ShowPageTraceBehavior [ RunTime:0.001781s ]
INFO: [ app_end ] --END-- [ RunTime:0.003055s ]

[ 2017-01-22T09:26:06+08:00 ] 127.0.0.1 /service/index.php/Home/install/InstallDetail.html?installID=IA01198642759&deviceID=ss2017010901
INFO: [ app_init ] --START--
INFO: Run Behavior\BuildLiteBehavior [ RunTime:0.000135s ]
INFO: [ app_init ] --END-- [ RunTime:0.001210s ]
INFO: [ app_begin ] --START--
INFO: Run Behavior\ReadHtmlCacheBehavior [ RunTime:0.001101s ]
INFO: [ app_begin ] --END-- [ RunTime:0.001862s ]
SQL: SHOW COLUMNS FROM `mcc_device_info` [ RunTime:0.0082s ]
SQL: SELECT di.device_sn, di.date_production, di.date_added,dt.type_name, c.fullname, c.address FROM `mcc_device_info` di LEFT JOIN mcc_device_type dt ON (dt.type_id = di.device_type_id) LEFT JOIN mcc_device_owner do ON (di.device_sn = do.device_sn) LEFT JOIN mcc_customer c ON(do.customer_id = c.customer_id ) where di.device_sn= 'ss2017010901' [ RunTime:0.0005s ]
SQL: SHOW COLUMNS FROM `mcc_device_install` [ RunTime:0.0063s ]
SQL: SELECT * FROM `mcc_device_install` WHERE ( install_id = 'IA01198642759'  ) LIMIT 1   [ RunTime:0.0005s ]
SQL: SHOW COLUMNS FROM `mcc_install_status` [ RunTime:0.0061s ]
SQL: SELECT `status_id`,`status_name` FROM `mcc_install_status` WHERE ( enable=1 )  [ RunTime:0.0004s ]
SQL: SHOW COLUMNS FROM `mcc_customer` [ RunTime:0.0069s ]
SQL: SHOW COLUMNS FROM `mcc_customer` [ RunTime:0.0034s ]
SQL: SELECT `customer_id`,`fullname` FROM `mcc_customer` WHERE `status` = 1 AND `approved` = 1 AND `customer_group_id` = 4 ORDER BY fullname asc  [ RunTime:0.0005s ]
SQL: SHOW COLUMNS FROM `mcc_device_install` [ RunTime:0.0044s ]
SQL: SELECT ibir.*, ibi.basic_item_name FROM mcc_install_basic_item_record ibir 
                LEFT JOIN mcc_install_basic_item ibi ON (ibir.basic_item_id = ibi.basic_item_id) WHERE ibir.install_id = 'IA01198642759'  ORDER BY basic_item_id ASC [ RunTime:0.0005s ]
SQL: SELECT item_type_id, item_type_name FROM mcc_install_item_type WHERE enable =1 [ RunTime:0.0003s ]
SQL: SELECT iir.*,ii.item_name FROM mcc_install_item_record iir
                        LEFT JOIN mcc_install_item ii ON (ii.item_id = iir.item_id)
                        LEFT JOIN mcc_install_item_type iit ON (iit.item_type_id = ii.item_type) 
                        WHERE iit.item_type_id=1 AND iir.install_id='IA01198642759' [ RunTime:0.0005s ]
SQL: SELECT iir.*,ii.item_name FROM mcc_install_item_record iir
                        LEFT JOIN mcc_install_item ii ON (ii.item_id = iir.item_id)
                        LEFT JOIN mcc_install_item_type iit ON (iit.item_type_id = ii.item_type) 
                        WHERE iit.item_type_id=2 AND iir.install_id='IA01198642759' [ RunTime:0.0004s ]
INFO: [ view_parse ] --START--
INFO: [ template_filter ] --START--
INFO: Run Behavior\ContentReplaceBehavior [ RunTime:0.000360s ]
INFO: [ template_filter ] --END-- [ RunTime:0.001029s ]
INFO: Run Behavior\ParseTemplateBehavior [ RunTime:0.037869s ]
INFO: [ view_parse ] --END-- [ RunTime:0.038683s ]
INFO: [ view_filter ] --START--
INFO: Run Behavior\WriteHtmlCacheBehavior [ RunTime:0.001047s ]
INFO: [ view_filter ] --END-- [ RunTime:0.001976s ]
INFO: [ app_end ] --START--
INFO: Run Behavior\ShowPageTraceBehavior [ RunTime:0.001416s ]
INFO: [ app_end ] --END-- [ RunTime:0.002402s ]

[ 2017-01-22T09:26:17+08:00 ] 127.0.0.1 /service/index.php/Home/install/InstallDetail.html?installID=IA01198642759&deviceID=ss2017010901
INFO: [ app_init ] --START--
INFO: Run Behavior\BuildLiteBehavior [ RunTime:0.000314s ]
INFO: [ app_init ] --END-- [ RunTime:0.002983s ]
INFO: [ app_begin ] --START--
INFO: Run Behavior\ReadHtmlCacheBehavior [ RunTime:0.002051s ]
INFO: [ app_begin ] --END-- [ RunTime:0.003518s ]
SQL: SHOW COLUMNS FROM `mcc_device_info` [ RunTime:0.0116s ]
SQL: SELECT di.device_sn, di.date_production, di.date_added,dt.type_name, c.fullname, c.address FROM `mcc_device_info` di LEFT JOIN mcc_device_type dt ON (dt.type_id = di.device_type_id) LEFT JOIN mcc_device_owner do ON (di.device_sn = do.device_sn) LEFT JOIN mcc_customer c ON(do.customer_id = c.customer_id ) where di.device_sn= 'ss2017010901' [ RunTime:0.0007s ]
SQL: SHOW COLUMNS FROM `mcc_device_install` [ RunTime:0.0083s ]
SQL: SELECT * FROM `mcc_device_install` WHERE ( install_id = 'IA01198642759'  ) LIMIT 1   [ RunTime:0.0005s ]
SQL: SHOW COLUMNS FROM `mcc_install_status` [ RunTime:0.0070s ]
SQL: SELECT `status_id`,`status_name` FROM `mcc_install_status` WHERE ( enable=1 )  [ RunTime:0.0005s ]
SQL: SHOW COLUMNS FROM `mcc_customer` [ RunTime:0.0067s ]
SQL: SHOW COLUMNS FROM `mcc_customer` [ RunTime:0.0044s ]
SQL: SELECT `customer_id`,`fullname` FROM `mcc_customer` WHERE `status` = 1 AND `approved` = 1 AND `customer_group_id` = 4 ORDER BY fullname asc  [ RunTime:0.0004s ]
SQL: SHOW COLUMNS FROM `mcc_device_install` [ RunTime:0.0042s ]
SQL: SELECT ibir.*, ibi.basic_item_name FROM mcc_install_basic_item_record ibir 
                LEFT JOIN mcc_install_basic_item ibi ON (ibir.basic_item_id = ibi.basic_item_id) WHERE ibir.install_id = 'IA01198642759'  ORDER BY basic_item_id ASC [ RunTime:0.0005s ]
SQL: SELECT item_type_id, item_type_name FROM mcc_install_item_type WHERE enable =1 [ RunTime:0.0003s ]
SQL: SELECT iir.*,ii.item_name FROM mcc_install_item_record iir
                        LEFT JOIN mcc_install_item ii ON (ii.item_id = iir.item_id)
                        LEFT JOIN mcc_install_item_type iit ON (iit.item_type_id = ii.item_type) 
                        WHERE iit.item_type_id=1 AND iir.install_id='IA01198642759' [ RunTime:0.0005s ]
SQL: SELECT iir.*,ii.item_name FROM mcc_install_item_record iir
                        LEFT JOIN mcc_install_item ii ON (ii.item_id = iir.item_id)
                        LEFT JOIN mcc_install_item_type iit ON (iit.item_type_id = ii.item_type) 
                        WHERE iit.item_type_id=2 AND iir.install_id='IA01198642759' [ RunTime:0.0004s ]
INFO: [ view_parse ] --START--
INFO: [ template_filter ] --START--
INFO: Run Behavior\ContentReplaceBehavior [ RunTime:0.000350s ]
INFO: [ template_filter ] --END-- [ RunTime:0.000998s ]
INFO: Run Behavior\ParseTemplateBehavior [ RunTime:0.033354s ]
INFO: [ view_parse ] --END-- [ RunTime:0.034005s ]
INFO: [ view_filter ] --START--
INFO: Run Behavior\WriteHtmlCacheBehavior [ RunTime:0.000669s ]
INFO: [ view_filter ] --END-- [ RunTime:0.001291s ]
INFO: [ app_end ] --START--
INFO: Run Behavior\ShowPageTraceBehavior [ RunTime:0.001175s ]
INFO: [ app_end ] --END-- [ RunTime:0.001907s ]

[ 2017-01-22T09:26:37+08:00 ] 127.0.0.1 /service/index.php/Home/install/InstallDetail.html?installID=IA01198642759&deviceID=ss2017010901
INFO: [ app_init ] --START--
INFO: Run Behavior\BuildLiteBehavior [ RunTime:0.000122s ]
INFO: [ app_init ] --END-- [ RunTime:0.001142s ]
INFO: [ app_begin ] --START--
INFO: Run Behavior\ReadHtmlCacheBehavior [ RunTime:0.000875s ]
INFO: [ app_begin ] --END-- [ RunTime:0.001520s ]
SQL: SHOW COLUMNS FROM `mcc_device_info` [ RunTime:0.0079s ]
SQL: SELECT di.device_sn, di.date_production, di.date_added,dt.type_name, c.fullname, c.address FROM `mcc_device_info` di LEFT JOIN mcc_device_type dt ON (dt.type_id = di.device_type_id) LEFT JOIN mcc_device_owner do ON (di.device_sn = do.device_sn) LEFT JOIN mcc_customer c ON(do.customer_id = c.customer_id ) where di.device_sn= 'ss2017010901' [ RunTime:0.0005s ]
SQL: SHOW COLUMNS FROM `mcc_device_install` [ RunTime:0.0078s ]
SQL: SELECT * FROM `mcc_device_install` WHERE ( install_id = 'IA01198642759'  ) LIMIT 1   [ RunTime:0.0003s ]
SQL: SHOW COLUMNS FROM `mcc_install_status` [ RunTime:0.0063s ]
SQL: SELECT `status_id`,`status_name` FROM `mcc_install_status` WHERE ( enable=1 )  [ RunTime:0.0003s ]
SQL: SHOW COLUMNS FROM `mcc_customer` [ RunTime:0.0112s ]
SQL: SHOW COLUMNS FROM `mcc_customer` [ RunTime:0.0086s ]
SQL: SELECT `customer_id`,`fullname` FROM `mcc_customer` WHERE `status` = 1 AND `approved` = 1 AND `customer_group_id` = 4 ORDER BY fullname asc  [ RunTime:0.0009s ]
SQL: SHOW COLUMNS FROM `mcc_device_install` [ RunTime:0.0082s ]
SQL: SELECT ibir.*, ibi.basic_item_name FROM mcc_install_basic_item_record ibir 
                LEFT JOIN mcc_install_basic_item ibi ON (ibir.basic_item_id = ibi.basic_item_id) WHERE ibir.install_id = 'IA01198642759'  ORDER BY basic_item_id ASC [ RunTime:0.0010s ]
SQL: SELECT item_type_id, item_type_name FROM mcc_install_item_type WHERE enable =1 [ RunTime:0.0005s ]
SQL: SELECT iir.*,ii.item_name FROM mcc_install_item_record iir
                        LEFT JOIN mcc_install_item ii ON (ii.item_id = iir.item_id)
                        LEFT JOIN mcc_install_item_type iit ON (iit.item_type_id = ii.item_type) 
                        WHERE iit.item_type_id=1 AND iir.install_id='IA01198642759' [ RunTime:0.0012s ]
SQL: SELECT iir.*,ii.item_name FROM mcc_install_item_record iir
                        LEFT JOIN mcc_install_item ii ON (ii.item_id = iir.item_id)
                        LEFT JOIN mcc_install_item_type iit ON (iit.item_type_id = ii.item_type) 
                        WHERE iit.item_type_id=2 AND iir.install_id='IA01198642759' [ RunTime:0.0009s ]
INFO: [ view_parse ] --START--
INFO: [ template_filter ] --START--
INFO: Run Behavior\ContentReplaceBehavior [ RunTime:0.002177s ]
INFO: [ template_filter ] --END-- [ RunTime:0.005760s ]
INFO: Run Behavior\ParseTemplateBehavior [ RunTime:0.090895s ]
INFO: [ view_parse ] --END-- [ RunTime:0.092398s ]
INFO: [ view_filter ] --START--
INFO: Run Behavior\WriteHtmlCacheBehavior [ RunTime:0.001176s ]
INFO: [ view_filter ] --END-- [ RunTime:0.002229s ]
INFO: [ app_end ] --START--
INFO: Run Behavior\ShowPageTraceBehavior [ RunTime:0.001717s ]
INFO: [ app_end ] --END-- [ RunTime:0.002973s ]

[ 2017-01-22T09:26:37+08:00 ] 127.0.0.1 /service/index.php/Home/install/InstallDetail.html?installID=IA01198642759&deviceID=ss2017010901
INFO: [ app_init ] --START--
INFO: Run Behavior\BuildLiteBehavior [ RunTime:0.000198s ]
INFO: [ app_init ] --END-- [ RunTime:0.001898s ]
INFO: [ app_begin ] --START--
INFO: Run Behavior\ReadHtmlCacheBehavior [ RunTime:0.001548s ]
INFO: [ app_begin ] --END-- [ RunTime:0.002691s ]
SQL: SHOW COLUMNS FROM `mcc_device_info` [ RunTime:0.0099s ]
SQL: SELECT di.device_sn, di.date_production, di.date_added,dt.type_name, c.fullname, c.address FROM `mcc_device_info` di LEFT JOIN mcc_device_type dt ON (dt.type_id = di.device_type_id) LEFT JOIN mcc_device_owner do ON (di.device_sn = do.device_sn) LEFT JOIN mcc_customer c ON(do.customer_id = c.customer_id ) where di.device_sn= 'ss2017010901' [ RunTime:0.0007s ]
SQL: SHOW COLUMNS FROM `mcc_device_install` [ RunTime:0.0065s ]
SQL: SELECT * FROM `mcc_device_install` WHERE ( install_id = 'IA01198642759'  ) LIMIT 1   [ RunTime:0.0008s ]
SQL: SHOW COLUMNS FROM `mcc_install_status` [ RunTime:0.0087s ]
SQL: SELECT `status_id`,`status_name` FROM `mcc_install_status` WHERE ( enable=1 )  [ RunTime:0.0006s ]
SQL: SHOW COLUMNS FROM `mcc_customer` [ RunTime:0.0077s ]
SQL: SHOW COLUMNS FROM `mcc_customer` [ RunTime:0.0073s ]
SQL: SELECT `customer_id`,`fullname` FROM `mcc_customer` WHERE `status` = 1 AND `approved` = 1 AND `customer_group_id` = 4 ORDER BY fullname asc  [ RunTime:0.0006s ]
SQL: SHOW COLUMNS FROM `mcc_device_install` [ RunTime:0.0076s ]
SQL: SELECT ibir.*, ibi.basic_item_name FROM mcc_install_basic_item_record ibir 
                LEFT JOIN mcc_install_basic_item ibi ON (ibir.basic_item_id = ibi.basic_item_id) WHERE ibir.install_id = 'IA01198642759'  ORDER BY basic_item_id ASC [ RunTime:0.0008s ]
SQL: SELECT item_type_id, item_type_name FROM mcc_install_item_type WHERE enable =1 [ RunTime:0.0004s ]
SQL: SELECT iir.*,ii.item_name FROM mcc_install_item_record iir
                        LEFT JOIN mcc_install_item ii ON (ii.item_id = iir.item_id)
                        LEFT JOIN mcc_install_item_type iit ON (iit.item_type_id = ii.item_type) 
                        WHERE iit.item_type_id=1 AND iir.install_id='IA01198642759' [ RunTime:0.0008s ]
SQL: SELECT iir.*,ii.item_name FROM mcc_install_item_record iir
                        LEFT JOIN mcc_install_item ii ON (ii.item_id = iir.item_id)
                        LEFT JOIN mcc_install_item_type iit ON (iit.item_type_id = ii.item_type) 
                        WHERE iit.item_type_id=2 AND iir.install_id='IA01198642759' [ RunTime:0.0007s ]
INFO: [ view_parse ] --START--
INFO: [ template_filter ] --START--
INFO: Run Behavior\ContentReplaceBehavior [ RunTime:0.000996s ]
INFO: [ template_filter ] --END-- [ RunTime:0.002724s ]
INFO: Run Behavior\ParseTemplateBehavior [ RunTime:0.079901s ]
INFO: [ view_parse ] --END-- [ RunTime:0.081148s ]
INFO: [ view_filter ] --START--
INFO: Run Behavior\WriteHtmlCacheBehavior [ RunTime:0.001158s ]
INFO: [ view_filter ] --END-- [ RunTime:0.002227s ]
INFO: [ app_end ] --START--
INFO: Run Behavior\ShowPageTraceBehavior [ RunTime:0.001513s ]
INFO: [ app_end ] --END-- [ RunTime:0.002553s ]

[ 2017-01-22T09:26:38+08:00 ] 127.0.0.1 /service/index.php/Home/install/InstallDetail.html?installID=IA01198642759&deviceID=ss2017010901
INFO: [ app_init ] --START--
INFO: Run Behavior\BuildLiteBehavior [ RunTime:0.000404s ]
INFO: [ app_init ] --END-- [ RunTime:0.003537s ]
INFO: [ app_begin ] --START--
INFO: Run Behavior\ReadHtmlCacheBehavior [ RunTime:0.001690s ]
INFO: [ app_begin ] --END-- [ RunTime:0.002826s ]
SQL: SHOW COLUMNS FROM `mcc_device_info` [ RunTime:0.0056s ]
SQL: SELECT di.device_sn, di.date_production, di.date_added,dt.type_name, c.fullname, c.address FROM `mcc_device_info` di LEFT JOIN mcc_device_type dt ON (dt.type_id = di.device_type_id) LEFT JOIN mcc_device_owner do ON (di.device_sn = do.device_sn) LEFT JOIN mcc_customer c ON(do.customer_id = c.customer_id ) where di.device_sn= 'ss2017010901' [ RunTime:0.0006s ]
SQL: SHOW COLUMNS FROM `mcc_device_install` [ RunTime:0.0717s ]
SQL: SELECT * FROM `mcc_device_install` WHERE ( install_id = 'IA01198642759'  ) LIMIT 1   [ RunTime:0.0007s ]
SQL: SHOW COLUMNS FROM `mcc_install_status` [ RunTime:0.0054s ]
SQL: SELECT `status_id`,`status_name` FROM `mcc_install_status` WHERE ( enable=1 )  [ RunTime:0.0005s ]
SQL: SHOW COLUMNS FROM `mcc_customer` [ RunTime:0.0116s ]
SQL: SHOW COLUMNS FROM `mcc_customer` [ RunTime:0.0051s ]
SQL: SELECT `customer_id`,`fullname` FROM `mcc_customer` WHERE `status` = 1 AND `approved` = 1 AND `customer_group_id` = 4 ORDER BY fullname asc  [ RunTime:0.0004s ]
SQL: SHOW COLUMNS FROM `mcc_device_install` [ RunTime:0.0069s ]
SQL: SELECT ibir.*, ibi.basic_item_name FROM mcc_install_basic_item_record ibir 
                LEFT JOIN mcc_install_basic_item ibi ON (ibir.basic_item_id = ibi.basic_item_id) WHERE ibir.install_id = 'IA01198642759'  ORDER BY basic_item_id ASC [ RunTime:0.0005s ]
SQL: SELECT item_type_id, item_type_name FROM mcc_install_item_type WHERE enable =1 [ RunTime:0.0003s ]
SQL: SELECT iir.*,ii.item_name FROM mcc_install_item_record iir
                        LEFT JOIN mcc_install_item ii ON (ii.item_id = iir.item_id)
                        LEFT JOIN mcc_install_item_type iit ON (iit.item_type_id = ii.item_type) 
                        WHERE iit.item_type_id=1 AND iir.install_id='IA01198642759' [ RunTime:0.0005s ]
SQL: SELECT iir.*,ii.item_name FROM mcc_install_item_record iir
                        LEFT JOIN mcc_install_item ii ON (ii.item_id = iir.item_id)
                        LEFT JOIN mcc_install_item_type iit ON (iit.item_type_id = ii.item_type) 
                        WHERE iit.item_type_id=2 AND iir.install_id='IA01198642759' [ RunTime:0.0004s ]
INFO: [ view_parse ] --START--
INFO: [ template_filter ] --START--
INFO: Run Behavior\ContentReplaceBehavior [ RunTime:0.000401s ]
INFO: [ template_filter ] --END-- [ RunTime:0.001109s ]
INFO: Run Behavior\ParseTemplateBehavior [ RunTime:0.091358s ]
INFO: [ view_parse ] --END-- [ RunTime:0.092388s ]
INFO: [ view_filter ] --START--
INFO: Run Behavior\WriteHtmlCacheBehavior [ RunTime:0.001324s ]
INFO: [ view_filter ] --END-- [ RunTime:0.002770s ]
INFO: [ app_end ] --START--
INFO: Run Behavior\ShowPageTraceBehavior [ RunTime:0.001340s ]
INFO: [ app_end ] --END-- [ RunTime:0.002340s ]

[ 2017-01-22T09:26:38+08:00 ] 127.0.0.1 /service/index.php/Home/install/InstallDetail.html?installID=IA01198642759&deviceID=ss2017010901
INFO: [ app_init ] --START--
INFO: Run Behavior\BuildLiteBehavior [ RunTime:0.000179s ]
INFO: [ app_init ] --END-- [ RunTime:0.001578s ]
INFO: [ app_begin ] --START--
INFO: Run Behavior\ReadHtmlCacheBehavior [ RunTime:0.001208s ]
INFO: [ app_begin ] --END-- [ RunTime:0.002113s ]
SQL: SHOW COLUMNS FROM `mcc_device_info` [ RunTime:0.0077s ]
SQL: SELECT di.device_sn, di.date_production, di.date_added,dt.type_name, c.fullname, c.address FROM `mcc_device_info` di LEFT JOIN mcc_device_type dt ON (dt.type_id = di.device_type_id) LEFT JOIN mcc_device_owner do ON (di.device_sn = do.device_sn) LEFT JOIN mcc_customer c ON(do.customer_id = c.customer_id ) where di.device_sn= 'ss2017010901' [ RunTime:0.0006s ]
SQL: SHOW COLUMNS FROM `mcc_device_install` [ RunTime:0.0042s ]
SQL: SELECT * FROM `mcc_device_install` WHERE ( install_id = 'IA01198642759'  ) LIMIT 1   [ RunTime:0.0004s ]
SQL: SHOW COLUMNS FROM `mcc_install_status` [ RunTime:0.0062s ]
SQL: SELECT `status_id`,`status_name` FROM `mcc_install_status` WHERE ( enable=1 )  [ RunTime:0.0004s ]
SQL: SHOW COLUMNS FROM `mcc_customer` [ RunTime:0.0040s ]
SQL: SHOW COLUMNS FROM `mcc_customer` [ RunTime:0.0035s ]
SQL: SELECT `customer_id`,`fullname` FROM `mcc_customer` WHERE `status` = 1 AND `approved` = 1 AND `customer_group_id` = 4 ORDER BY fullname asc  [ RunTime:0.0004s ]
SQL: SHOW COLUMNS FROM `mcc_device_install` [ RunTime:0.0039s ]
SQL: SELECT ibir.*, ibi.basic_item_name FROM mcc_install_basic_item_record ibir 
                LEFT JOIN mcc_install_basic_item ibi ON (ibir.basic_item_id = ibi.basic_item_id) WHERE ibir.install_id = 'IA01198642759'  ORDER BY basic_item_id ASC [ RunTime:0.0005s ]
SQL: SELECT item_type_id, item_type_name FROM mcc_install_item_type WHERE enable =1 [ RunTime:0.0003s ]
SQL: SELECT iir.*,ii.item_name FROM mcc_install_item_record iir
                        LEFT JOIN mcc_install_item ii ON (ii.item_id = iir.item_id)
                        LEFT JOIN mcc_install_item_type iit ON (iit.item_type_id = ii.item_type) 
                        WHERE iit.item_type_id=1 AND iir.install_id='IA01198642759' [ RunTime:0.0005s ]
SQL: SELECT iir.*,ii.item_name FROM mcc_install_item_record iir
                        LEFT JOIN mcc_install_item ii ON (ii.item_id = iir.item_id)
                        LEFT JOIN mcc_install_item_type iit ON (iit.item_type_id = ii.item_type) 
                        WHERE iit.item_type_id=2 AND iir.install_id='IA01198642759' [ RunTime:0.0005s ]
INFO: [ view_parse ] --START--
INFO: [ template_filter ] --START--
INFO: Run Behavior\ContentReplaceBehavior [ RunTime:0.000336s ]
INFO: [ template_filter ] --END-- [ RunTime:0.000943s ]
INFO: Run Behavior\ParseTemplateBehavior [ RunTime:0.033718s ]
INFO: [ view_parse ] --END-- [ RunTime:0.034355s ]
INFO: [ view_filter ] --START--
INFO: Run Behavior\WriteHtmlCacheBehavior [ RunTime:0.000663s ]
INFO: [ view_filter ] --END-- [ RunTime:0.001360s ]
INFO: [ app_end ] --START--
INFO: Run Behavior\ShowPageTraceBehavior [ RunTime:0.001085s ]
INFO: [ app_end ] --END-- [ RunTime:0.001857s ]

[ 2017-01-22T09:26:38+08:00 ] 127.0.0.1 /service/index.php/Home/install/InstallDetail.html?installID=IA01198642759&deviceID=ss2017010901
INFO: [ app_init ] --START--
INFO: Run Behavior\BuildLiteBehavior [ RunTime:0.000159s ]
INFO: [ app_init ] --END-- [ RunTime:0.001438s ]
INFO: [ app_begin ] --START--
INFO: Run Behavior\ReadHtmlCacheBehavior [ RunTime:0.001980s ]
INFO: [ app_begin ] --END-- [ RunTime:0.003378s ]
SQL: SHOW COLUMNS FROM `mcc_device_info` [ RunTime:0.0048s ]
SQL: SELECT di.device_sn, di.date_production, di.date_added,dt.type_name, c.fullname, c.address FROM `mcc_device_info` di LEFT JOIN mcc_device_type dt ON (dt.type_id = di.device_type_id) LEFT JOIN mcc_device_owner do ON (di.device_sn = do.device_sn) LEFT JOIN mcc_customer c ON(do.customer_id = c.customer_id ) where di.device_sn= 'ss2017010901' [ RunTime:0.0007s ]
SQL: SHOW COLUMNS FROM `mcc_device_install` [ RunTime:0.0047s ]
SQL: SELECT * FROM `mcc_device_install` WHERE ( install_id = 'IA01198642759'  ) LIMIT 1   [ RunTime:0.0004s ]
SQL: SHOW COLUMNS FROM `mcc_install_status` [ RunTime:0.0045s ]
SQL: SELECT `status_id`,`status_name` FROM `mcc_install_status` WHERE ( enable=1 )  [ RunTime:0.0004s ]
SQL: SHOW COLUMNS FROM `mcc_customer` [ RunTime:0.0041s ]
SQL: SHOW COLUMNS FROM `mcc_customer` [ RunTime:0.0060s ]
SQL: SELECT `customer_id`,`fullname` FROM `mcc_customer` WHERE `status` = 1 AND `approved` = 1 AND `customer_group_id` = 4 ORDER BY fullname asc  [ RunTime:0.0005s ]
SQL: SHOW COLUMNS FROM `mcc_device_install` [ RunTime:0.0057s ]
SQL: SELECT ibir.*, ibi.basic_item_name FROM mcc_install_basic_item_record ibir 
                LEFT JOIN mcc_install_basic_item ibi ON (ibir.basic_item_id = ibi.basic_item_id) WHERE ibir.install_id = 'IA01198642759'  ORDER BY basic_item_id ASC [ RunTime:0.0006s ]
SQL: SELECT item_type_id, item_type_name FROM mcc_install_item_type WHERE enable =1 [ RunTime:0.0004s ]
SQL: SELECT iir.*,ii.item_name FROM mcc_install_item_record iir
                        LEFT JOIN mcc_install_item ii ON (ii.item_id = iir.item_id)
                        LEFT JOIN mcc_install_item_type iit ON (iit.item_type_id = ii.item_type) 
                        WHERE iit.item_type_id=1 AND iir.install_id='IA01198642759' [ RunTime:0.0006s ]
SQL: SELECT iir.*,ii.item_name FROM mcc_install_item_record iir
                        LEFT JOIN mcc_install_item ii ON (ii.item_id = iir.item_id)
                        LEFT JOIN mcc_install_item_type iit ON (iit.item_type_id = ii.item_type) 
                        WHERE iit.item_type_id=2 AND iir.install_id='IA01198642759' [ RunTime:0.0005s ]
INFO: [ view_parse ] --START--
INFO: [ template_filter ] --START--
INFO: Run Behavior\ContentReplaceBehavior [ RunTime:0.000694s ]
INFO: [ template_filter ] --END-- [ RunTime:0.001946s ]
INFO: Run Behavior\ParseTemplateBehavior [ RunTime:0.059871s ]
INFO: [ view_parse ] --END-- [ RunTime:0.060858s ]
INFO: [ view_filter ] --START--
INFO: Run Behavior\WriteHtmlCacheBehavior [ RunTime:0.001295s ]
INFO: [ view_filter ] --END-- [ RunTime:0.002389s ]
INFO: [ app_end ] --START--
INFO: Run Behavior\ShowPageTraceBehavior [ RunTime:0.001606s ]
INFO: [ app_end ] --END-- [ RunTime:0.002721s ]

[ 2017-01-22T09:27:44+08:00 ] 127.0.0.1 /service/index.php/Home/install/InstallDetail.html?installID=IA01198642759&deviceID=ss2017010901
INFO: [ app_init ] --START--
INFO: Run Behavior\BuildLiteBehavior [ RunTime:0.000111s ]
INFO: [ app_init ] --END-- [ RunTime:0.001017s ]
INFO: [ app_begin ] --START--
INFO: Run Behavior\ReadHtmlCacheBehavior [ RunTime:0.000886s ]
INFO: [ app_begin ] --END-- [ RunTime:0.001537s ]
SQL: SHOW COLUMNS FROM `mcc_device_info` [ RunTime:0.0113s ]
SQL: SELECT di.device_sn, di.date_production, di.date_added,dt.type_name, c.fullname, c.address FROM `mcc_device_info` di LEFT JOIN mcc_device_type dt ON (dt.type_id = di.device_type_id) LEFT JOIN mcc_device_owner do ON (di.device_sn = do.device_sn) LEFT JOIN mcc_customer c ON(do.customer_id = c.customer_id ) where di.device_sn= 'ss2017010901' [ RunTime:0.0008s ]
SQL: SHOW COLUMNS FROM `mcc_device_install` [ RunTime:0.0108s ]
SQL: SELECT * FROM `mcc_device_install` WHERE ( install_id = 'IA01198642759'  ) LIMIT 1   [ RunTime:0.0005s ]
SQL: SHOW COLUMNS FROM `mcc_install_status` [ RunTime:0.0074s ]
SQL: SELECT `status_id`,`status_name` FROM `mcc_install_status` WHERE ( enable=1 )  [ RunTime:0.0004s ]
SQL: SHOW COLUMNS FROM `mcc_customer` [ RunTime:0.0067s ]
SQL: SHOW COLUMNS FROM `mcc_customer` [ RunTime:0.0053s ]
SQL: SELECT `customer_id`,`fullname` FROM `mcc_customer` WHERE `status` = 1 AND `approved` = 1 AND `customer_group_id` = 4 ORDER BY fullname asc  [ RunTime:0.0004s ]
SQL: SHOW COLUMNS FROM `mcc_device_install` [ RunTime:0.0046s ]
SQL: SELECT ibir.*, ibi.basic_item_name FROM mcc_install_basic_item_record ibir 
                LEFT JOIN mcc_install_basic_item ibi ON (ibir.basic_item_id = ibi.basic_item_id) WHERE ibir.install_id = 'IA01198642759'  ORDER BY basic_item_id ASC [ RunTime:0.0006s ]
SQL: SELECT item_type_id, item_type_name FROM mcc_install_item_type WHERE enable =1 [ RunTime:0.0003s ]
SQL: SELECT iir.*,ii.item_name FROM mcc_install_item_record iir
                        LEFT JOIN mcc_install_item ii ON (ii.item_id = iir.item_id)
                        LEFT JOIN mcc_install_item_type iit ON (iit.item_type_id = ii.item_type) 
                        WHERE iit.item_type_id=1 AND iir.install_id='IA01198642759' [ RunTime:0.0005s ]
SQL: SELECT iir.*,ii.item_name FROM mcc_install_item_record iir
                        LEFT JOIN mcc_install_item ii ON (ii.item_id = iir.item_id)
                        LEFT JOIN mcc_install_item_type iit ON (iit.item_type_id = ii.item_type) 
                        WHERE iit.item_type_id=2 AND iir.install_id='IA01198642759' [ RunTime:0.0004s ]
INFO: [ view_parse ] --START--
INFO: [ template_filter ] --START--
INFO: Run Behavior\ContentReplaceBehavior [ RunTime:0.000556s ]
INFO: [ template_filter ] --END-- [ RunTime:0.001555s ]
INFO: Run Behavior\ParseTemplateBehavior [ RunTime:0.052292s ]
INFO: [ view_parse ] --END-- [ RunTime:0.053228s ]
INFO: [ view_filter ] --START--
INFO: Run Behavior\WriteHtmlCacheBehavior [ RunTime:0.001213s ]
INFO: [ view_filter ] --END-- [ RunTime:0.002255s ]
INFO: [ app_end ] --START--
INFO: Run Behavior\ShowPageTraceBehavior [ RunTime:0.001816s ]
INFO: [ app_end ] --END-- [ RunTime:0.003335s ]

[ 2017-01-22T09:27:50+08:00 ] 127.0.0.1 /service/index.php/Home/install/InstallDetail.html?installID=IA01198642759&deviceID=ss2017010901
INFO: [ app_init ] --START--
INFO: Run Behavior\BuildLiteBehavior [ RunTime:0.000116s ]
INFO: [ app_init ] --END-- [ RunTime:0.001072s ]
INFO: [ app_begin ] --START--
INFO: Run Behavior\ReadHtmlCacheBehavior [ RunTime:0.001023s ]
INFO: [ app_begin ] --END-- [ RunTime:0.001730s ]
SQL: SHOW COLUMNS FROM `mcc_device_info` [ RunTime:0.0084s ]
SQL: SELECT di.device_sn, di.date_production, di.date_added,dt.type_name, c.fullname, c.address FROM `mcc_device_info` di LEFT JOIN mcc_device_type dt ON (dt.type_id = di.device_type_id) LEFT JOIN mcc_device_owner do ON (di.device_sn = do.device_sn) LEFT JOIN mcc_customer c ON(do.customer_id = c.customer_id ) where di.device_sn= 'ss2017010901' [ RunTime:0.0005s ]
SQL: SHOW COLUMNS FROM `mcc_device_install` [ RunTime:0.0069s ]
SQL: SELECT * FROM `mcc_device_install` WHERE ( install_id = 'IA01198642759'  ) LIMIT 1   [ RunTime:0.0004s ]
SQL: SHOW COLUMNS FROM `mcc_install_status` [ RunTime:0.0066s ]
SQL: SELECT `status_id`,`status_name` FROM `mcc_install_status` WHERE ( enable=1 )  [ RunTime:0.0005s ]
SQL: SHOW COLUMNS FROM `mcc_customer` [ RunTime:0.0086s ]
SQL: SHOW COLUMNS FROM `mcc_customer` [ RunTime:0.0049s ]
SQL: SELECT `customer_id`,`fullname` FROM `mcc_customer` WHERE `status` = 1 AND `approved` = 1 AND `customer_group_id` = 4 ORDER BY fullname asc  [ RunTime:0.0005s ]
SQL: SHOW COLUMNS FROM `mcc_device_install` [ RunTime:0.0044s ]
SQL: SELECT ibir.*, ibi.basic_item_name FROM mcc_install_basic_item_record ibir 
                LEFT JOIN mcc_install_basic_item ibi ON (ibir.basic_item_id = ibi.basic_item_id) WHERE ibir.install_id = 'IA01198642759'  ORDER BY basic_item_id ASC [ RunTime:0.0007s ]
SQL: SELECT item_type_id, item_type_name FROM mcc_install_item_type WHERE enable =1 [ RunTime:0.0004s ]
SQL: SELECT iir.*,ii.item_name FROM mcc_install_item_record iir
                        LEFT JOIN mcc_install_item ii ON (ii.item_id = iir.item_id)
                        LEFT JOIN mcc_install_item_type iit ON (iit.item_type_id = ii.item_type) 
                        WHERE iit.item_type_id=1 AND iir.install_id='IA01198642759' [ RunTime:0.0006s ]
SQL: SELECT iir.*,ii.item_name FROM mcc_install_item_record iir
                        LEFT JOIN mcc_install_item ii ON (ii.item_id = iir.item_id)
                        LEFT JOIN mcc_install_item_type iit ON (iit.item_type_id = ii.item_type) 
                        WHERE iit.item_type_id=2 AND iir.install_id='IA01198642759' [ RunTime:0.0005s ]
INFO: [ view_parse ] --START--
INFO: [ template_filter ] --START--
INFO: Run Behavior\ContentReplaceBehavior [ RunTime:0.000709s ]
INFO: [ template_filter ] --END-- [ RunTime:0.001941s ]
INFO: Run Behavior\ParseTemplateBehavior [ RunTime:0.056824s ]
INFO: [ view_parse ] --END-- [ RunTime:0.057805s ]
INFO: [ view_filter ] --START--
INFO: Run Behavior\WriteHtmlCacheBehavior [ RunTime:0.001147s ]
INFO: [ view_filter ] --END-- [ RunTime:0.002179s ]
INFO: [ app_end ] --START--
INFO: Run Behavior\ShowPageTraceBehavior [ RunTime:0.001466s ]
INFO: [ app_end ] --END-- [ RunTime:0.002487s ]

[ 2017-01-22T09:27:51+08:00 ] 127.0.0.1 /service/index.php/Home/install/InstallDetail.html?installID=IA01198642759&deviceID=ss2017010901
INFO: [ app_init ] --START--
INFO: Run Behavior\BuildLiteBehavior [ RunTime:0.000128s ]
INFO: [ app_init ] --END-- [ RunTime:0.001176s ]
INFO: [ app_begin ] --START--
INFO: Run Behavior\ReadHtmlCacheBehavior [ RunTime:0.001039s ]
INFO: [ app_begin ] --END-- [ RunTime:0.001822s ]
SQL: SHOW COLUMNS FROM `mcc_device_info` [ RunTime:0.0089s ]
SQL: SELECT di.device_sn, di.date_production, di.date_added,dt.type_name, c.fullname, c.address FROM `mcc_device_info` di LEFT JOIN mcc_device_type dt ON (dt.type_id = di.device_type_id) LEFT JOIN mcc_device_owner do ON (di.device_sn = do.device_sn) LEFT JOIN mcc_customer c ON(do.customer_id = c.customer_id ) where di.device_sn= 'ss2017010901' [ RunTime:0.0006s ]
SQL: SHOW COLUMNS FROM `mcc_device_install` [ RunTime:0.0073s ]
SQL: SELECT * FROM `mcc_device_install` WHERE ( install_id = 'IA01198642759'  ) LIMIT 1   [ RunTime:0.0005s ]
SQL: SHOW COLUMNS FROM `mcc_install_status` [ RunTime:0.0069s ]
SQL: SELECT `status_id`,`status_name` FROM `mcc_install_status` WHERE ( enable=1 )  [ RunTime:0.0004s ]
SQL: SHOW COLUMNS FROM `mcc_customer` [ RunTime:0.0062s ]
SQL: SHOW COLUMNS FROM `mcc_customer` [ RunTime:0.0038s ]
SQL: SELECT `customer_id`,`fullname` FROM `mcc_customer` WHERE `status` = 1 AND `approved` = 1 AND `customer_group_id` = 4 ORDER BY fullname asc  [ RunTime:0.0004s ]
SQL: SHOW COLUMNS FROM `mcc_device_install` [ RunTime:0.0042s ]
SQL: SELECT ibir.*, ibi.basic_item_name FROM mcc_install_basic_item_record ibir 
                LEFT JOIN mcc_install_basic_item ibi ON (ibir.basic_item_id = ibi.basic_item_id) WHERE ibir.install_id = 'IA01198642759'  ORDER BY basic_item_id ASC [ RunTime:0.0006s ]
SQL: SELECT item_type_id, item_type_name FROM mcc_install_item_type WHERE enable =1 [ RunTime:0.0003s ]
SQL: SELECT iir.*,ii.item_name FROM mcc_install_item_record iir
                        LEFT JOIN mcc_install_item ii ON (ii.item_id = iir.item_id)
                        LEFT JOIN mcc_install_item_type iit ON (iit.item_type_id = ii.item_type) 
                        WHERE iit.item_type_id=1 AND iir.install_id='IA01198642759' [ RunTime:0.0005s ]
SQL: SELECT iir.*,ii.item_name FROM mcc_install_item_record iir
                        LEFT JOIN mcc_install_item ii ON (ii.item_id = iir.item_id)
                        LEFT JOIN mcc_install_item_type iit ON (iit.item_type_id = ii.item_type) 
                        WHERE iit.item_type_id=2 AND iir.install_id='IA01198642759' [ RunTime:0.0005s ]
INFO: [ view_parse ] --START--
INFO: [ template_filter ] --START--
INFO: Run Behavior\ContentReplaceBehavior [ RunTime:0.000570s ]
INFO: [ template_filter ] --END-- [ RunTime:0.001732s ]
INFO: Run Behavior\ParseTemplateBehavior [ RunTime:0.060983s ]
INFO: [ view_parse ] --END-- [ RunTime:0.061970s ]
INFO: [ view_filter ] --START--
INFO: Run Behavior\WriteHtmlCacheBehavior [ RunTime:0.001538s ]
INFO: [ view_filter ] --END-- [ RunTime:0.003231s ]
INFO: [ app_end ] --START--
INFO: Run Behavior\ShowPageTraceBehavior [ RunTime:0.001752s ]
INFO: [ app_end ] --END-- [ RunTime:0.002964s ]

[ 2017-01-22T09:27:51+08:00 ] 127.0.0.1 /service/index.php/Home/install/InstallDetail.html?installID=IA01198642759&deviceID=ss2017010901
INFO: [ app_init ] --START--
INFO: Run Behavior\BuildLiteBehavior [ RunTime:0.000626s ]
INFO: [ app_init ] --END-- [ RunTime:0.003388s ]
INFO: [ app_begin ] --START--
INFO: Run Behavior\ReadHtmlCacheBehavior [ RunTime:0.001519s ]
INFO: [ app_begin ] --END-- [ RunTime:0.002594s ]
SQL: SHOW COLUMNS FROM `mcc_device_info` [ RunTime:0.0066s ]
SQL: SELECT di.device_sn, di.date_production, di.date_added,dt.type_name, c.fullname, c.address FROM `mcc_device_info` di LEFT JOIN mcc_device_type dt ON (dt.type_id = di.device_type_id) LEFT JOIN mcc_device_owner do ON (di.device_sn = do.device_sn) LEFT JOIN mcc_customer c ON(do.customer_id = c.customer_id ) where di.device_sn= 'ss2017010901' [ RunTime:0.0006s ]
SQL: SHOW COLUMNS FROM `mcc_device_install` [ RunTime:0.0061s ]
SQL: SELECT * FROM `mcc_device_install` WHERE ( install_id = 'IA01198642759'  ) LIMIT 1   [ RunTime:0.0007s ]
SQL: SHOW COLUMNS FROM `mcc_install_status` [ RunTime:0.0076s ]
SQL: SELECT `status_id`,`status_name` FROM `mcc_install_status` WHERE ( enable=1 )  [ RunTime:0.0009s ]
SQL: SHOW COLUMNS FROM `mcc_customer` [ RunTime:0.0091s ]
SQL: SHOW COLUMNS FROM `mcc_customer` [ RunTime:0.0082s ]
SQL: SELECT `customer_id`,`fullname` FROM `mcc_customer` WHERE `status` = 1 AND `approved` = 1 AND `customer_group_id` = 4 ORDER BY fullname asc  [ RunTime:0.0006s ]
SQL: SHOW COLUMNS FROM `mcc_device_install` [ RunTime:0.0056s ]
SQL: SELECT ibir.*, ibi.basic_item_name FROM mcc_install_basic_item_record ibir 
                LEFT JOIN mcc_install_basic_item ibi ON (ibir.basic_item_id = ibi.basic_item_id) WHERE ibir.install_id = 'IA01198642759'  ORDER BY basic_item_id ASC [ RunTime:0.0008s ]
SQL: SELECT item_type_id, item_type_name FROM mcc_install_item_type WHERE enable =1 [ RunTime:0.0006s ]
SQL: SELECT iir.*,ii.item_name FROM mcc_install_item_record iir
                        LEFT JOIN mcc_install_item ii ON (ii.item_id = iir.item_id)
                        LEFT JOIN mcc_install_item_type iit ON (iit.item_type_id = ii.item_type) 
                        WHERE iit.item_type_id=1 AND iir.install_id='IA01198642759' [ RunTime:0.0009s ]
SQL: SELECT iir.*,ii.item_name FROM mcc_install_item_record iir
                        LEFT JOIN mcc_install_item ii ON (ii.item_id = iir.item_id)
                        LEFT JOIN mcc_install_item_type iit ON (iit.item_type_id = ii.item_type) 
                        WHERE iit.item_type_id=2 AND iir.install_id='IA01198642759' [ RunTime:0.0009s ]
INFO: [ view_parse ] --START--
INFO: [ template_filter ] --START--
INFO: Run Behavior\ContentReplaceBehavior [ RunTime:0.000517s ]
INFO: [ template_filter ] --END-- [ RunTime:0.001476s ]
INFO: Run Behavior\ParseTemplateBehavior [ RunTime:0.053003s ]
INFO: [ view_parse ] --END-- [ RunTime:0.054006s ]
INFO: [ view_filter ] --START--
INFO: Run Behavior\WriteHtmlCacheBehavior [ RunTime:0.001011s ]
INFO: [ view_filter ] --END-- [ RunTime:0.001938s ]
INFO: [ app_end ] --START--
INFO: Run Behavior\ShowPageTraceBehavior [ RunTime:0.001358s ]
INFO: [ app_end ] --END-- [ RunTime:0.002408s ]

[ 2017-01-22T09:27:58+08:00 ] 127.0.0.1 /service/index.php/Home/install/InstallDetail.html?installID=IA01198642759&deviceID=ss2017010901
INFO: [ app_init ] --START--
INFO: Run Behavior\BuildLiteBehavior [ RunTime:0.000132s ]
INFO: [ app_init ] --END-- [ RunTime:0.001224s ]
INFO: [ app_begin ] --START--
INFO: Run Behavior\ReadHtmlCacheBehavior [ RunTime:0.001013s ]
INFO: [ app_begin ] --END-- [ RunTime:0.001778s ]
SQL: SHOW COLUMNS FROM `mcc_device_info` [ RunTime:0.0103s ]
SQL: SELECT di.device_sn, di.date_production, di.date_added,dt.type_name, c.fullname, c.address FROM `mcc_device_info` di LEFT JOIN mcc_device_type dt ON (dt.type_id = di.device_type_id) LEFT JOIN mcc_device_owner do ON (di.device_sn = do.device_sn) LEFT JOIN mcc_customer c ON(do.customer_id = c.customer_id ) where di.device_sn= 'ss2017010901' [ RunTime:0.0006s ]
SQL: SHOW COLUMNS FROM `mcc_device_install` [ RunTime:0.0083s ]
SQL: SELECT * FROM `mcc_device_install` WHERE ( install_id = 'IA01198642759'  ) LIMIT 1   [ RunTime:0.0005s ]
SQL: SHOW COLUMNS FROM `mcc_install_status` [ RunTime:0.0074s ]
SQL: SELECT `status_id`,`status_name` FROM `mcc_install_status` WHERE ( enable=1 )  [ RunTime:0.0004s ]
SQL: SHOW COLUMNS FROM `mcc_customer` [ RunTime:0.0090s ]
SQL: SHOW COLUMNS FROM `mcc_customer` [ RunTime:0.0040s ]
SQL: SELECT `customer_id`,`fullname` FROM `mcc_customer` WHERE `status` = 1 AND `approved` = 1 AND `customer_group_id` = 4 ORDER BY fullname asc  [ RunTime:0.0004s ]
SQL: SHOW COLUMNS FROM `mcc_device_install` [ RunTime:0.0057s ]
SQL: SELECT ibir.*, ibi.basic_item_name FROM mcc_install_basic_item_record ibir 
                LEFT JOIN mcc_install_basic_item ibi ON (ibir.basic_item_id = ibi.basic_item_id) WHERE ibir.install_id = 'IA01198642759'  ORDER BY basic_item_id ASC [ RunTime:0.0005s ]
SQL: SELECT item_type_id, item_type_name FROM mcc_install_item_type WHERE enable =1 [ RunTime:0.0003s ]
SQL: SELECT iir.*,ii.item_name FROM mcc_install_item_record iir
                        LEFT JOIN mcc_install_item ii ON (ii.item_id = iir.item_id)
                        LEFT JOIN mcc_install_item_type iit ON (iit.item_type_id = ii.item_type) 
                        WHERE iit.item_type_id=1 AND iir.install_id='IA01198642759' [ RunTime:0.0005s ]
SQL: SELECT iir.*,ii.item_name FROM mcc_install_item_record iir
                        LEFT JOIN mcc_install_item ii ON (ii.item_id = iir.item_id)
                        LEFT JOIN mcc_install_item_type iit ON (iit.item_type_id = ii.item_type) 
                        WHERE iit.item_type_id=2 AND iir.install_id='IA01198642759' [ RunTime:0.0004s ]
INFO: [ view_parse ] --START--
INFO: [ template_filter ] --START--
INFO: Run Behavior\ContentReplaceBehavior [ RunTime:0.000337s ]
INFO: [ template_filter ] --END-- [ RunTime:0.000962s ]
INFO: Run Behavior\ParseTemplateBehavior [ RunTime:0.033856s ]
INFO: [ view_parse ] --END-- [ RunTime:0.034561s ]
INFO: [ view_filter ] --START--
INFO: Run Behavior\WriteHtmlCacheBehavior [ RunTime:0.000709s ]
INFO: [ view_filter ] --END-- [ RunTime:0.001383s ]
INFO: [ app_end ] --START--
INFO: Run Behavior\ShowPageTraceBehavior [ RunTime:0.001208s ]
INFO: [ app_end ] --END-- [ RunTime:0.001958s ]

[ 2017-01-22T09:29:22+08:00 ] 127.0.0.1 /service/index.php/Home/install/InstallDetail.html?installID=IA01198642759&deviceID=ss2017010901
INFO: [ app_init ] --START--
INFO: Run Behavior\BuildLiteBehavior [ RunTime:0.000112s ]
INFO: [ app_init ] --END-- [ RunTime:0.001049s ]
INFO: [ app_begin ] --START--
INFO: Run Behavior\ReadHtmlCacheBehavior [ RunTime:0.001171s ]
INFO: [ app_begin ] --END-- [ RunTime:0.001873s ]
SQL: SHOW COLUMNS FROM `mcc_device_info` [ RunTime:0.0088s ]
SQL: SELECT di.device_sn, di.date_production, di.date_added,dt.type_name, c.fullname, c.address FROM `mcc_device_info` di LEFT JOIN mcc_device_type dt ON (dt.type_id = di.device_type_id) LEFT JOIN mcc_device_owner do ON (di.device_sn = do.device_sn) LEFT JOIN mcc_customer c ON(do.customer_id = c.customer_id ) where di.device_sn= 'ss2017010901' [ RunTime:0.0006s ]
SQL: SHOW COLUMNS FROM `mcc_device_install` [ RunTime:0.0057s ]
SQL: SELECT * FROM `mcc_device_install` WHERE ( install_id = 'IA01198642759'  ) LIMIT 1   [ RunTime:0.0004s ]
SQL: SHOW COLUMNS FROM `mcc_install_status` [ RunTime:0.0236s ]
SQL: SELECT `status_id`,`status_name` FROM `mcc_install_status` WHERE ( enable=1 )  [ RunTime:0.0003s ]
SQL: SHOW COLUMNS FROM `mcc_customer` [ RunTime:0.0064s ]
SQL: SHOW COLUMNS FROM `mcc_customer` [ RunTime:0.0034s ]
SQL: SELECT `customer_id`,`fullname` FROM `mcc_customer` WHERE `status` = 1 AND `approved` = 1 AND `customer_group_id` = 4 ORDER BY fullname asc  [ RunTime:0.0004s ]
SQL: SHOW COLUMNS FROM `mcc_device_install` [ RunTime:0.0040s ]
SQL: SELECT ibir.*, ibi.basic_item_name FROM mcc_install_basic_item_record ibir 
                LEFT JOIN mcc_install_basic_item ibi ON (ibir.basic_item_id = ibi.basic_item_id) WHERE ibir.install_id = 'IA01198642759'  ORDER BY basic_item_id ASC [ RunTime:0.0005s ]
SQL: SELECT item_type_id, item_type_name FROM mcc_install_item_type WHERE enable =1 [ RunTime:0.0002s ]
SQL: SELECT iir.*,ii.item_name FROM mcc_install_item_record iir
                        LEFT JOIN mcc_install_item ii ON (ii.item_id = iir.item_id)
                        LEFT JOIN mcc_install_item_type iit ON (iit.item_type_id = ii.item_type) 
                        WHERE iit.item_type_id=1 AND iir.install_id='IA01198642759' [ RunTime:0.0004s ]
SQL: SELECT iir.*,ii.item_name FROM mcc_install_item_record iir
                        LEFT JOIN mcc_install_item ii ON (ii.item_id = iir.item_id)
                        LEFT JOIN mcc_install_item_type iit ON (iit.item_type_id = ii.item_type) 
                        WHERE iit.item_type_id=2 AND iir.install_id='IA01198642759' [ RunTime:0.0003s ]
INFO: [ view_parse ] --START--
INFO: [ template_filter ] --START--
INFO: Run Behavior\ContentReplaceBehavior [ RunTime:0.000428s ]
INFO: [ template_filter ] --END-- [ RunTime:0.001172s ]
INFO: Run Behavior\ParseTemplateBehavior [ RunTime:0.043960s ]
INFO: [ view_parse ] --END-- [ RunTime:0.044878s ]
INFO: [ view_filter ] --START--
INFO: Run Behavior\WriteHtmlCacheBehavior [ RunTime:0.001174s ]
INFO: [ view_filter ] --END-- [ RunTime:0.002314s ]
INFO: [ app_end ] --START--
INFO: Run Behavior\ShowPageTraceBehavior [ RunTime:0.002446s ]
INFO: [ app_end ] --END-- [ RunTime:0.004070s ]

[ 2017-01-22T09:29:32+08:00 ] 127.0.0.1 /service/index.php/Home/install/InstallDetail.html?installID=IA01198642759&deviceID=ss2017010901
INFO: [ app_init ] --START--
INFO: Run Behavior\BuildLiteBehavior [ RunTime:0.000104s ]
INFO: [ app_init ] --END-- [ RunTime:0.000951s ]
INFO: [ app_begin ] --START--
INFO: Run Behavior\ReadHtmlCacheBehavior [ RunTime:0.000703s ]
INFO: [ app_begin ] --END-- [ RunTime:0.001241s ]
SQL: SHOW COLUMNS FROM `mcc_device_info` [ RunTime:0.0074s ]
SQL: SELECT di.device_sn, di.date_production, di.date_added,dt.type_name, c.fullname, c.address FROM `mcc_device_info` di LEFT JOIN mcc_device_type dt ON (dt.type_id = di.device_type_id) LEFT JOIN mcc_device_owner do ON (di.device_sn = do.device_sn) LEFT JOIN mcc_customer c ON(do.customer_id = c.customer_id ) where di.device_sn= 'ss2017010901' [ RunTime:0.0005s ]
SQL: SHOW COLUMNS FROM `mcc_device_install` [ RunTime:0.0070s ]
SQL: SELECT * FROM `mcc_device_install` WHERE ( install_id = 'IA01198642759'  ) LIMIT 1   [ RunTime:0.0004s ]
SQL: SHOW COLUMNS FROM `mcc_install_status` [ RunTime:0.0062s ]
SQL: SELECT `status_id`,`status_name` FROM `mcc_install_status` WHERE ( enable=1 )  [ RunTime:0.0004s ]
SQL: SHOW COLUMNS FROM `mcc_customer` [ RunTime:0.0058s ]
SQL: SHOW COLUMNS FROM `mcc_customer` [ RunTime:0.0049s ]
SQL: SELECT `customer_id`,`fullname` FROM `mcc_customer` WHERE `status` = 1 AND `approved` = 1 AND `customer_group_id` = 4 ORDER BY fullname asc  [ RunTime:0.0004s ]
SQL: SHOW COLUMNS FROM `mcc_device_install` [ RunTime:0.0038s ]
SQL: SELECT ibir.*, ibi.basic_item_name FROM mcc_install_basic_item_record ibir 
                LEFT JOIN mcc_install_basic_item ibi ON (ibir.basic_item_id = ibi.basic_item_id) WHERE ibir.install_id = 'IA01198642759'  ORDER BY basic_item_id ASC [ RunTime:0.0005s ]
SQL: SELECT item_type_id, item_type_name FROM mcc_install_item_type WHERE enable =1 [ RunTime:0.0003s ]
SQL: SELECT iir.*,ii.item_name FROM mcc_install_item_record iir
                        LEFT JOIN mcc_install_item ii ON (ii.item_id = iir.item_id)
                        LEFT JOIN mcc_install_item_type iit ON (iit.item_type_id = ii.item_type) 
                        WHERE iit.item_type_id=1 AND iir.install_id='IA01198642759' [ RunTime:0.0006s ]
SQL: SELECT iir.*,ii.item_name FROM mcc_install_item_record iir
                        LEFT JOIN mcc_install_item ii ON (ii.item_id = iir.item_id)
                        LEFT JOIN mcc_install_item_type iit ON (iit.item_type_id = ii.item_type) 
                        WHERE iit.item_type_id=2 AND iir.install_id='IA01198642759' [ RunTime:0.0005s ]
INFO: [ view_parse ] --START--
INFO: [ template_filter ] --START--
INFO: Run Behavior\ContentReplaceBehavior [ RunTime:0.000383s ]
INFO: [ template_filter ] --END-- [ RunTime:0.001100s ]
INFO: Run Behavior\ParseTemplateBehavior [ RunTime:0.040343s ]
INFO: [ view_parse ] --END-- [ RunTime:0.041211s ]
INFO: [ view_filter ] --START--
INFO: Run Behavior\WriteHtmlCacheBehavior [ RunTime:0.001049s ]
INFO: [ view_filter ] --END-- [ RunTime:0.001975s ]
INFO: [ app_end ] --START--
INFO: Run Behavior\ShowPageTraceBehavior [ RunTime:0.001379s ]
INFO: [ app_end ] --END-- [ RunTime:0.002436s ]

[ 2017-01-22T10:32:26+08:00 ] 127.0.0.1 /service/index.php/Home/install/InstallDetail.html?installID=IA01198642759&deviceID=ss2017010901
INFO: [ app_init ] --START--
INFO: Run Behavior\BuildLiteBehavior [ RunTime:0.000191s ]
INFO: [ app_init ] --END-- [ RunTime:0.001810s ]
INFO: [ app_begin ] --START--
INFO: Run Behavior\ReadHtmlCacheBehavior [ RunTime:0.001307s ]
INFO: [ app_begin ] --END-- [ RunTime:0.002339s ]
SQL: SHOW COLUMNS FROM `mcc_device_info` [ RunTime:0.0088s ]
SQL: SELECT di.device_sn, di.date_production, di.date_added,dt.type_name, c.fullname, c.address FROM `mcc_device_info` di LEFT JOIN mcc_device_type dt ON (dt.type_id = di.device_type_id) LEFT JOIN mcc_device_owner do ON (di.device_sn = do.device_sn) LEFT JOIN mcc_customer c ON(do.customer_id = c.customer_id ) where di.device_sn= 'ss2017010901' [ RunTime:0.0017s ]
SQL: SHOW COLUMNS FROM `mcc_device_install` [ RunTime:0.0155s ]
SQL: SELECT * FROM `mcc_device_install` WHERE ( install_id = 'IA01198642759'  ) LIMIT 1   [ RunTime:0.0005s ]
SQL: SHOW COLUMNS FROM `mcc_install_status` [ RunTime:0.0053s ]
SQL: SELECT `status_id`,`status_name` FROM `mcc_install_status` WHERE ( enable=1 )  [ RunTime:0.0005s ]
SQL: SHOW COLUMNS FROM `mcc_customer` [ RunTime:0.0072s ]
SQL: SHOW COLUMNS FROM `mcc_customer` [ RunTime:0.0040s ]
SQL: SELECT `customer_id`,`fullname` FROM `mcc_customer` WHERE `status` = 1 AND `approved` = 1 AND `customer_group_id` = 4 ORDER BY fullname asc  [ RunTime:0.0006s ]
SQL: SHOW COLUMNS FROM `mcc_device_install` [ RunTime:0.0040s ]
SQL: SELECT ibir.*, ibi.basic_item_name FROM mcc_install_basic_item_record ibir 
                LEFT JOIN mcc_install_basic_item ibi ON (ibir.basic_item_id = ibi.basic_item_id) WHERE ibir.install_id = 'IA01198642759'  ORDER BY basic_item_id ASC [ RunTime:0.0009s ]
SQL: SELECT item_type_id, item_type_name FROM mcc_install_item_type WHERE enable =1 [ RunTime:0.0004s ]
SQL: SELECT iir.*,ii.item_name FROM mcc_install_item_record iir
                        LEFT JOIN mcc_install_item ii ON (ii.item_id = iir.item_id)
                        LEFT JOIN mcc_install_item_type iit ON (iit.item_type_id = ii.item_type) 
                        WHERE iit.item_type_id=1 AND iir.install_id='IA01198642759' [ RunTime:0.0009s ]
SQL: SELECT iir.*,ii.item_name FROM mcc_install_item_record iir
                        LEFT JOIN mcc_install_item ii ON (ii.item_id = iir.item_id)
                        LEFT JOIN mcc_install_item_type iit ON (iit.item_type_id = ii.item_type) 
                        WHERE iit.item_type_id=2 AND iir.install_id='IA01198642759' [ RunTime:0.0004s ]
INFO: [ view_parse ] --START--
INFO: [ template_filter ] --START--
INFO: Run Behavior\ContentReplaceBehavior [ RunTime:0.000739s ]
INFO: [ template_filter ] --END-- [ RunTime:0.002178s ]
INFO: Run Behavior\ParseTemplateBehavior [ RunTime:0.124759s ]
INFO: [ view_parse ] --END-- [ RunTime:0.125741s ]
INFO: [ view_filter ] --START--
INFO: Run Behavior\WriteHtmlCacheBehavior [ RunTime:0.000802s ]
INFO: [ view_filter ] --END-- [ RunTime:0.001523s ]
INFO: [ app_end ] --START--
INFO: Run Behavior\ShowPageTraceBehavior [ RunTime:0.001111s ]
INFO: [ app_end ] --END-- [ RunTime:0.002025s ]

