[ 2017-01-05T13:08:36+08:00 ] 127.0.0.1 /service/Public/js/vue-upload-component/webpack.config.build.min
INFO: [ app_init ] --START--
INFO: Run Behavior\BuildLiteBehavior [ RunTime:0.000105s ]
INFO: [ app_init ] --END-- [ RunTime:0.001012s ]
ERR: 无法加载模块:Public

[ 2017-01-05T13:08:47+08:00 ] 127.0.0.1 /service/Public/js/vue-upload-component/webpack.config.build.min
INFO: [ app_init ] --START--
INFO: Run Behavior\BuildLiteBehavior [ RunTime:0.000224s ]
INFO: [ app_init ] --END-- [ RunTime:0.002266s ]
ERR: 无法加载模块:Public

[ 2017-01-05T13:09:37+08:00 ] 127.0.0.1 /service/Public/js/vue-upload-component/webpack.config.build.min
INFO: [ app_init ] --START--
INFO: Run Behavior\BuildLiteBehavior [ RunTime:0.000102s ]
INFO: [ app_init ] --END-- [ RunTime:0.000974s ]
ERR: 无法加载模块:Public

[ 2017-01-05T13:10:13+08:00 ] 127.0.0.1 /service/Public/js/vue-upload-component/webpack.config.build.min
INFO: [ app_init ] --START--
INFO: Run Behavior\BuildLiteBehavior [ RunTime:0.000124s ]
INFO: [ app_init ] --END-- [ RunTime:0.001276s ]
ERR: 无法加载模块:Public

[ 2017-01-05T13:10:22+08:00 ] 127.0.0.1 /service/Public/js/vue-upload-component/webpack.config.build.min
INFO: [ app_init ] --START--
INFO: Run Behavior\BuildLiteBehavior [ RunTime:0.000155s ]
INFO: [ app_init ] --END-- [ RunTime:0.001569s ]
ERR: 无法加载模块:Public

[ 2017-01-05T13:10:44+08:00 ] 127.0.0.1 /service/Public/js/vue-upload-component/webpack.config.build.min
INFO: [ app_init ] --START--
INFO: Run Behavior\BuildLiteBehavior [ RunTime:0.000313s ]
INFO: [ app_init ] --END-- [ RunTime:0.002881s ]
ERR: 无法加载模块:Public

[ 2017-01-05T13:10:52+08:00 ] 127.0.0.1 /service/Public/js/vue-upload-component/webpack.config.build.min
INFO: [ app_init ] --START--
INFO: Run Behavior\BuildLiteBehavior [ RunTime:0.000108s ]
INFO: [ app_init ] --END-- [ RunTime:0.000979s ]
ERR: 无法加载模块:Public

[ 2017-01-05T13:11:15+08:00 ] 127.0.0.1 /service/Public/js/vue-upload-component/webpack.config.build.min
INFO: [ app_init ] --START--
INFO: Run Behavior\BuildLiteBehavior [ RunTime:0.000256s ]
INFO: [ app_init ] --END-- [ RunTime:0.001930s ]
ERR: 无法加载模块:Public

[ 2017-01-05T13:11:36+08:00 ] 127.0.0.1 /service/Public/js/vue-upload-component/webpack.config.build.min
INFO: [ app_init ] --START--
INFO: Run Behavior\BuildLiteBehavior [ RunTime:0.000170s ]
INFO: [ app_init ] --END-- [ RunTime:0.001531s ]
ERR: 无法加载模块:Public

[ 2017-01-05T13:11:49+08:00 ] 127.0.0.1 /service/Public/js/vue-upload-component/webpack.config.build.min
INFO: [ app_init ] --START--
INFO: Run Behavior\BuildLiteBehavior [ RunTime:0.000194s ]
INFO: [ app_init ] --END-- [ RunTime:0.001757s ]
ERR: 无法加载模块:Public

[ 2017-01-05T13:12:02+08:00 ] 127.0.0.1 /service/Public/js/vue-upload-component/webpack.config.build.min
INFO: [ app_init ] --START--
INFO: Run Behavior\BuildLiteBehavior [ RunTime:0.000127s ]
INFO: [ app_init ] --END-- [ RunTime:0.001535s ]
ERR: 无法加载模块:Public

[ 2017-01-05T13:12:11+08:00 ] 127.0.0.1 /service/Public/js/vue-upload-component/webpack.config.build.min
INFO: [ app_init ] --START--
INFO: Run Behavior\BuildLiteBehavior [ RunTime:0.000101s ]
INFO: [ app_init ] --END-- [ RunTime:0.000956s ]
ERR: 无法加载模块:Public

[ 2017-01-05T13:12:17+08:00 ] 127.0.0.1 /service/Public/js/vue-upload-component/webpack.config.build.min
INFO: [ app_init ] --START--
INFO: Run Behavior\BuildLiteBehavior [ RunTime:0.000105s ]
INFO: [ app_init ] --END-- [ RunTime:0.001725s ]
ERR: 无法加载模块:Public

[ 2017-01-05T13:12:24+08:00 ] 127.0.0.1 /service/Public/js/vue-upload-component/webpack.config.build.min
INFO: [ app_init ] --START--
INFO: Run Behavior\BuildLiteBehavior [ RunTime:0.000225s ]
INFO: [ app_init ] --END-- [ RunTime:0.002161s ]
ERR: 无法加载模块:Public

[ 2017-01-05T13:12:47+08:00 ] 127.0.0.1 /service/Public/js/vue-upload-component/webpack.config.build.min
INFO: [ app_init ] --START--
INFO: Run Behavior\BuildLiteBehavior [ RunTime:0.000192s ]
INFO: [ app_init ] --END-- [ RunTime:0.001709s ]
ERR: 无法加载模块:Public

[ 2017-01-05T13:12:54+08:00 ] 127.0.0.1 /service/Public/js/vue-upload-component/webpack.config.build.min
INFO: [ app_init ] --START--
INFO: Run Behavior\BuildLiteBehavior [ RunTime:0.000142s ]
INFO: [ app_init ] --END-- [ RunTime:0.001350s ]
ERR: 无法加载模块:Public

[ 2017-01-05T13:13:05+08:00 ] 127.0.0.1 /service/Public/js/vue-upload-component/webpack.config.build.min
INFO: [ app_init ] --START--
INFO: Run Behavior\BuildLiteBehavior [ RunTime:0.000139s ]
INFO: [ app_init ] --END-- [ RunTime:0.001162s ]
ERR: 无法加载模块:Public

[ 2017-01-05T13:14:12+08:00 ] 127.0.0.1 /service/Public/js/vue-upload-component/webpack.config.build.min
INFO: [ app_init ] --START--
INFO: Run Behavior\BuildLiteBehavior [ RunTime:0.000133s ]
INFO: [ app_init ] --END-- [ RunTime:0.001472s ]
ERR: 无法加载模块:Public

[ 2017-01-05T13:17:14+08:00 ] 127.0.0.1 /service/Public/js/vue-upload-component/webpack.config.build.min
INFO: [ app_init ] --START--
INFO: Run Behavior\BuildLiteBehavior [ RunTime:0.000173s ]
INFO: [ app_init ] --END-- [ RunTime:0.001741s ]
ERR: 无法加载模块:Public

[ 2017-01-05T13:17:15+08:00 ] 127.0.0.1 /service/Public/js/vue-upload-component/webpack.config.build.min
INFO: [ app_init ] --START--
INFO: Run Behavior\BuildLiteBehavior [ RunTime:0.000113s ]
INFO: [ app_init ] --END-- [ RunTime:0.001123s ]
ERR: 无法加载模块:Public

