[ 2017-01-10T15:42:47+08:00 ] 127.0.0.1 /service/Public/js/mystyle.js
INFO: [ app_init ] --START--
INFO: Run Behavior\BuildLiteBehavior [ RunTime:0.000515s ]
INFO: [ app_init ] --END-- [ RunTime:0.004221s ]
ERR: 无法加载模块:Public

[ 2017-01-10T15:42:49+08:00 ] 127.0.0.1 /service/Public/js/mystyle.js
INFO: [ app_init ] --START--
INFO: Run Behavior\BuildLiteBehavior [ RunTime:0.000292s ]
INFO: [ app_init ] --END-- [ RunTime:0.002232s ]
ERR: 无法加载模块:Public

[ 2017-01-10T15:42:50+08:00 ] 127.0.0.1 /service/Public/js/mystyle.js
INFO: [ app_init ] --START--
INFO: Run Behavior\BuildLiteBehavior [ RunTime:0.000152s ]
INFO: [ app_init ] --END-- [ RunTime:0.001390s ]
ERR: 无法加载模块:Public

[ 2017-01-10T15:42:51+08:00 ] 127.0.0.1 /service/Public/js/mystyle.js
INFO: [ app_init ] --START--
INFO: Run Behavior\BuildLiteBehavior [ RunTime:0.000224s ]
INFO: [ app_init ] --END-- [ RunTime:0.001950s ]
ERR: 无法加载模块:Public

[ 2017-01-10T15:43:11+08:00 ] 127.0.0.1 /service/Public/js/mystyle.js
INFO: [ app_init ] --START--
INFO: Run Behavior\BuildLiteBehavior [ RunTime:0.000288s ]
INFO: [ app_init ] --END-- [ RunTime:0.003731s ]
ERR: 无法加载模块:Public

